<?xml version="1.0" encoding="UTF-8" ?>
<testsuite tests="1" failures="0" name="com.itheima.ServiceTest" time="1.372" errors="1" skipped="0">
  <properties>
[...]
</properties>
  <testcase classname="com.itheima.ServiceTest" name="testService" time="1.372">
    <error message="Error creating bean with name &apos;userService&apos;: Unsatisfied dependency expressed through field &apos;bCryptPasswordEncoder&apos;; nested exception is org.springframework.beans.factory.NoSuchBeanDefinitionException: No qualifying bean of type &apos;org.springframework.security.crypto.bcrypt.BCryptPasswordEncoder&apos; available: expected at least 1 bean which qualifies as autowire candidate. Dependency annotations: {@org.springframework.beans.factory.annotation.Autowired(required=true)}" type="org.springframework.beans.factory.UnsatisfiedDependencyException">org.springframework.beans.factory.UnsatisfiedDependencyException: Error creating bean with name &apos;userService&apos;: Unsatisfied dependency expressed through field &apos;bCryptPasswordEncoder&apos;; nested exception is org.springframework.beans.factory.NoSuchBeanDefinitionException: No qualifying bean of type &apos;org.springframework.security.crypto.bcrypt.BCryptPasswordEncoder&apos; available: expected at least 1 bean which qualifies as autowire candidate. Dependency annotations: {@org.springframework.beans.factory.annotation.Autowired(required=true)}
	at org.springframework.beans.factory.annotation.AutowiredAnnotationBeanPostProcessor$AutowiredFieldElement.inject(AutowiredAnnotationBeanPostProcessor.java:586)
	at org.springframework.beans.factory.annotation.InjectionMetadata.inject(InjectionMetadata.java:91)
	at org.springframework.beans.factory.annotation.AutowiredAnnotationBeanPostProcessor.postProcessPropertyValues(AutowiredAnnotationBeanPostProcessor.java:372)
	at org.springframework.beans.factory.support.AbstractAutowireCapableBeanFactory.populateBean(AbstractAutowireCapableBeanFactory.java:1344)
	at org.springframework.beans.factory.support.AbstractAutowireCapableBeanFactory.doCreateBean(AbstractAutowireCapableBeanFactory.java:582)
	at org.springframework.beans.factory.support.AbstractAutowireCapableBeanFactory.createBean(AbstractAutowireCapableBeanFactory.java:502)
	at org.springframework.beans.factory.support.AbstractBeanFactory.lambda$doGetBean$0(AbstractBeanFactory.java:312)
	at org.springframework.beans.factory.support.DefaultSingletonBeanRegistry.getSingleton(DefaultSingletonBeanRegistry.java:228)
	at org.springframework.beans.factory.support.AbstractBeanFactory.doGetBean(AbstractBeanFactory.java:310)
	at org.springframework.beans.factory.support.AbstractBeanFactory.getBean(AbstractBeanFactory.java:200)
	at org.springframework.beans.factory.support.DefaultListableBeanFactory.preInstantiateSingletons(DefaultListableBeanFactory.java:758)
	at org.springframework.context.support.AbstractApplicationContext.finishBeanFactoryInitialization(AbstractApplicationContext.java:868)
	at org.springframework.context.support.AbstractApplicationContext.refresh(AbstractApplicationContext.java:549)
	at org.springframework.context.support.ClassPathXmlApplicationContext.&lt;init&gt;(ClassPathXmlApplicationContext.java:144)
	at org.springframework.context.support.ClassPathXmlApplicationContext.&lt;init&gt;(ClassPathXmlApplicationContext.java:85)
	at com.itheima.ServiceTest.testService(ServiceTest.java:24)
	at sun.reflect.NativeMethodAccessorImpl.invoke0(Native Method)
	at sun.reflect.NativeMethodAccessorImpl.invoke(NativeMethodAccessorImpl.java:62)
	at sun.reflect.DelegatingMethodAccessorImpl.invoke(DelegatingMethodAccessorImpl.java:43)
	at java.lang.reflect.Method.invoke(Method.java:498)
	at org.junit.runners.model.FrameworkMethod$1.runReflectiveCall(FrameworkMethod.java:50)
	at org.junit.internal.runners.model.ReflectiveCallable.run(ReflectiveCallable.java:12)
	at org.junit.runners.model.FrameworkMethod.invokeExplosively(FrameworkMethod.java:47)
	at org.junit.internal.runners.statements.InvokeMethod.evaluate(InvokeMethod.java:17)
	at org.junit.runners.ParentRunner.runLeaf(ParentRunner.java:325)
	at org.junit.runners.BlockJUnit4ClassRunner.runChild(BlockJUnit4ClassRunner.java:78)
	at org.junit.runners.BlockJUnit4ClassRunner.runChild(BlockJUnit4ClassRunner.java:57)
	at org.junit.runners.ParentRunner$3.run(ParentRunner.java:290)
	at org.junit.runners.ParentRunner$1.schedule(ParentRunner.java:71)
	at org.junit.runners.ParentRunner.runChildren(ParentRunner.java:288)
	at org.junit.runners.ParentRunner.access$000(ParentRunner.java:58)
	at org.junit.runners.ParentRunner$2.evaluate(ParentRunner.java:268)
	at org.junit.runners.ParentRunner.run(ParentRunner.java:363)
	at org.apache.maven.surefire.junit4.JUnit4Provider.execute(JUnit4Provider.java:252)
	at org.apache.maven.surefire.junit4.JUnit4Provider.executeTestSet(JUnit4Provider.java:141)
	at org.apache.maven.surefire.junit4.JUnit4Provider.invoke(JUnit4Provider.java:112)
	at sun.reflect.NativeMethodAccessorImpl.invoke0(Native Method)
	at sun.reflect.NativeMethodAccessorImpl.invoke(NativeMethodAccessorImpl.java:62)
	at sun.reflect.DelegatingMethodAccessorImpl.invoke(DelegatingMethodAccessorImpl.java:43)
	at java.lang.reflect.Method.invoke(Method.java:498)
	at org.apache.maven.surefire.util.ReflectionUtils.invokeMethodWithArray(ReflectionUtils.java:189)
	at org.apache.maven.surefire.booter.ProviderFactory$ProviderProxy.invoke(ProviderFactory.java:165)
	at org.apache.maven.surefire.booter.ProviderFactory.invokeProvider(ProviderFactory.java:85)
	at org.apache.maven.surefire.booter.ForkedBooter.runSuitesInProcess(ForkedBooter.java:115)
	at org.apache.maven.surefire.booter.ForkedBooter.main(ForkedBooter.java:75)
Caused by: org.springframework.beans.factory.NoSuchBeanDefinitionException: No qualifying bean of type &apos;org.springframework.security.crypto.bcrypt.BCryptPasswordEncoder&apos; available: expected at least 1 bean which qualifies as autowire candidate. Dependency annotations: {@org.springframework.beans.factory.annotation.Autowired(required=true)}
	at org.springframework.beans.factory.support.DefaultListableBeanFactory.raiseNoMatchingBeanFound(DefaultListableBeanFactory.java:1504)
	at org.springframework.beans.factory.support.DefaultListableBeanFactory.doResolveDependency(DefaultListableBeanFactory.java:1101)
	at org.springframework.beans.factory.support.DefaultListableBeanFactory.resolveDependency(DefaultListableBeanFactory.java:1062)
	at org.springframework.beans.factory.annotation.AutowiredAnnotationBeanPostProcessor$AutowiredFieldElement.inject(AutowiredAnnotationBeanPostProcessor.java:583)
	... 44 more
</error>
    <system-out>2020-07-09 11:02:43,306 0      [           main] DEBUG k.core.env.StandardEnvironment  - Adding PropertySource &apos;systemProperties&apos; with lowest search precedence
2020-07-09 11:02:43,306 0      [           main] DEBUG k.core.env.StandardEnvironment  - Adding PropertySource &apos;systemEnvironment&apos; with lowest search precedence
2020-07-09 11:02:43,306 0      [           main] DEBUG k.core.env.StandardEnvironment  - Initialized StandardEnvironment with PropertySources [MapPropertySource@703504298 {name=&apos;systemProperties&apos;, properties={idea.version=2017.3.7, java.runtime.name=Java(TM) SE Runtime Environment, sun.boot.library.path=D:\JSE\Tools\java\jdk-8.0.1\jre\bin, java.vm.version=25.131-b11, java.vm.vendor=Oracle Corporation, java.vendor.url=http://java.oracle.com/, path.separator=;, java.vm.name=Java HotSpot(TM) 64-Bit Server VM, file.encoding.pkg=sun.io, user.country=CN, user.script=, sun.java.launcher=SUN_STANDARD, sun.os.patch.level=Service Pack 1, java.vm.specification.name=Java Virtual Machine Specification, user.dir=D:\javaProject\itheima_ssm\ithiema_ssm_service, java.runtime.version=1.8.0_131-b11, basedir=D:\javaProject\itheima_ssm\ithiema_ssm_service, java.awt.graphicsenv=sun.awt.Win32GraphicsEnvironment, java.endorsed.dirs=D:\JSE\Tools\java\jdk-8.0.1\jre\lib\endorsed, os.arch=amd64, surefire.real.class.path=D:\javaProject\itheima_ssm\ithiema_ssm_service\target\surefire\surefirebooter729352748722164949.jar, java.io.tmpdir=C:\Users\ADMINI~1\AppData\Local\Temp\, line.separator=
, java.vm.specification.vendor=Oracle Corporation, user.variant=, os.name=Windows 7, sun.jnu.encoding=GBK, java.library.path=D:\JSE\Tools\java\jdk-8.0.1\jre\bin;C:\Windows\Sun\Java\bin;C:\Windows\system32;C:\Windows;C:\ProgramData\Oracle\Java\javapath;C:\Windows\system32;C:\Windows;C:\Windows\System32\Wbem;C:\Windows\System32\WindowsPowerShell\v1.0\;D:\JSE\Tools\java\jdk-9.0.4\bin;D:\JSE\Tools\java\jdk-9.0.4\jre\bin;D:\JSE\Tools\MySQL\MySQL server 5.5\bin;D:\JSE\Tools\MySQL\My SQL Server 5.5\bin;%ANDROID_HOME%\platform-tools;%ANDROID_HOME%\tools;D:\JSE\Tools\apache-maven-3.5.2\bin;D:\JSE\Tools\VisualSVN Server\bin;C:\Program Files (x86)\Microsoft SQL Server\100\Tools\Binn\;C:\Program Files\Microsoft SQL Server\100\Tools\Binn\;C:\Program Files\Microsoft SQL Server\100\DTS\Binn\;D:\JSE\Tools\python\Scripts\;D:\JSE\Tools\python\;., surefire.test.class.path=D:\javaProject\itheima_ssm\ithiema_ssm_service\target\test-classes;D:\javaProject\itheima_ssm\ithiema_ssm_service\target\classes;D:\javaProject\itheima_ssm\itheima_ssm_pojo\target\itheima_ssm_pojo-1.0-SNAPSHOT.jar;D:\javaProject\itheima_ssm\itheima_ssm_utils\target\itheima_ssm_utils-1.0-SNAPSHOT.jar;D:\javaProject\itheima_ssm\itheima_ssm_dao\target\itheima_ssm_dao-1.0-SNAPSHOT.jar;C:\Users\Administrator\.m2\repository\org\aspectj\aspectjweaver\1.6.8\aspectjweaver-1.6.8.jar;C:\Users\Administrator\.m2\repository\org\springframework\spring-aop\5.0.2.RELEASE\spring-aop-5.0.2.RELEASE.jar;C:\Users\Administrator\.m2\repository\org\springframework\spring-context\5.0.2.RELEASE\spring-context-5.0.2.RELEASE.jar;C:\Users\Administrator\.m2\repository\org\springframework\spring-expression\5.0.2.RELEASE\spring-expression-5.0.2.RELEASE.jar;C:\Users\Administrator\.m2\repository\org\springframework\spring-context-support\5.0.2.RELEASE\spring-context-support-5.0.2.RELEASE.jar;C:\Users\Administrator\.m2\repository\org\springframework\spring-web\5.0.2.RELEASE\spring-web-5.0.2.RELEASE.jar;C:\Users\Administrator\.m2\repository\org\springframework\spring-orm\5.0.2.RELEASE\spring-orm-5.0.2.RELEASE.jar;C:\Users\Administrator\.m2\repository\org\springframework\spring-jdbc\5.0.2.RELEASE\spring-jdbc-5.0.2.RELEASE.jar;C:\Users\Administrator\.m2\repository\org\springframework\spring-beans\5.0.2.RELEASE\spring-beans-5.0.2.RELEASE.jar;C:\Users\Administrator\.m2\repository\org\springframework\spring-core\5.0.2.RELEASE\spring-core-5.0.2.RELEASE.jar;C:\Users\Administrator\.m2\repository\org\springframework\spring-jcl\5.0.2.RELEASE\spring-jcl-5.0.2.RELEASE.jar;C:\Users\Administrator\.m2\repository\org\springframework\spring-test\5.0.2.RELEASE\spring-test-5.0.2.RELEASE.jar;C:\Users\Administrator\.m2\repository\org\springframework\spring-webmvc\5.0.2.RELEASE\spring-webmvc-5.0.2.RELEASE.jar;C:\Users\Administrator\.m2\repository\org\springframework\spring-tx\5.0.2.RELEASE\spring-tx-5.0.2.RELEASE.jar;C:\Users\Administrator\.m2\repository\junit\junit\4.12\junit-4.12.jar;C:\Users\Administrator\.m2\repository\org\hamcrest\hamcrest-core\1.3\hamcrest-core-1.3.jar;C:\Users\Administrator\.m2\repository\javax\servlet\javax.servlet-api\3.1.0\javax.servlet-api-3.1.0.jar;C:\Users\Administrator\.m2\repository\javax\servlet\jsp\jsp-api\2.0\jsp-api-2.0.jar;C:\Users\Administrator\.m2\repository\jstl\jstl\1.2\jstl-1.2.jar;C:\Users\Administrator\.m2\repository\log4j\log4j\1.2.12\log4j-1.2.12.jar;C:\Users\Administrator\.m2\repository\org\slf4j\slf4j-api\1.6.6\slf4j-api-1.6.6.jar;C:\Users\Administrator\.m2\repository\org\slf4j\slf4j-log4j12\1.6.6\slf4j-log4j12-1.6.6.jar;C:\Users\Administrator\.m2\repository\org\mybatis\mybatis\3.4.5\mybatis-3.4.5.jar;C:\Users\Administrator\.m2\repository\org\mybatis\mybatis-spring\1.3.0\mybatis-spring-1.3.0.jar;C:\Users\Administrator\.m2\repository\c3p0\c3p0\0.9.1.2\c3p0-0.9.1.2.jar;C:\Users\Administrator\.m2\repository\com\github\pagehelper\pagehelper\5.1.2\pagehelper-5.1.2.jar;C:\Users\Administrator\.m2\repository\com\github\jsqlparser\jsqlparser\1.0\jsqlparser-1.0.jar;C:\Users\Administrator\.m2\repository\org\springframework\security\spring-security-web\5.0.1.RELEASE\spring-security-web-5.0.1.RELEASE.jar;C:\Users\Administrator\.m2\repository\org\springframework\security\spring-security-config\5.0.1.RELEASE\spring-security-config-5.0.1.RELEASE.jar;C:\Users\Administrator\.m2\repository\org\springframework\security\spring-security-core\5.0.1.RELEASE\spring-security-core-5.0.1.RELEASE.jar;C:\Users\Administrator\.m2\repository\org\springframework\security\spring-security-taglibs\5.0.1.RELEASE\spring-security-taglibs-5.0.1.RELEASE.jar;C:\Users\Administrator\.m2\repository\org\springframework\security\spring-security-acl\5.0.1.RELEASE\spring-security-acl-5.0.1.RELEASE.jar;C:\Users\Administrator\.m2\repository\com\oracle\ojdbc14\10.2.0.4.0\ojdbc14-10.2.0.4.0.jar;C:\Users\Administrator\.m2\repository\javax\annotation\jsr250-api\1.0\jsr250-api-1.0.jar;, java.specification.name=Java Platform API Specification, java.class.version=52.0, sun.management.compiler=HotSpot 64-Bit Tiered Compilers, maven.repo.local=C:\Users\Administrator\.m2\repository, os.version=6.1, user.home=C:\Users\Administrator, user.timezone=Asia/Shanghai, java.awt.printerjob=sun.awt.windows.WPrinterJob, file.encoding=GBK, java.specification.version=1.8, java.class.path=D:\javaProject\itheima_ssm\ithiema_ssm_service\target\test-classes;D:\javaProject\itheima_ssm\ithiema_ssm_service\target\classes;D:\javaProject\itheima_ssm\itheima_ssm_pojo\target\itheima_ssm_pojo-1.0-SNAPSHOT.jar;D:\javaProject\itheima_ssm\itheima_ssm_utils\target\itheima_ssm_utils-1.0-SNAPSHOT.jar;D:\javaProject\itheima_ssm\itheima_ssm_dao\target\itheima_ssm_dao-1.0-SNAPSHOT.jar;C:\Users\Administrator\.m2\repository\org\aspectj\aspectjweaver\1.6.8\aspectjweaver-1.6.8.jar;C:\Users\Administrator\.m2\repository\org\springframework\spring-aop\5.0.2.RELEASE\spring-aop-5.0.2.RELEASE.jar;C:\Users\Administrator\.m2\repository\org\springframework\spring-context\5.0.2.RELEASE\spring-context-5.0.2.RELEASE.jar;C:\Users\Administrator\.m2\repository\org\springframework\spring-expression\5.0.2.RELEASE\spring-expression-5.0.2.RELEASE.jar;C:\Users\Administrator\.m2\repository\org\springframework\spring-context-support\5.0.2.RELEASE\spring-context-support-5.0.2.RELEASE.jar;C:\Users\Administrator\.m2\repository\org\springframework\spring-web\5.0.2.RELEASE\spring-web-5.0.2.RELEASE.jar;C:\Users\Administrator\.m2\repository\org\springframework\spring-orm\5.0.2.RELEASE\spring-orm-5.0.2.RELEASE.jar;C:\Users\Administrator\.m2\repository\org\springframework\spring-jdbc\5.0.2.RELEASE\spring-jdbc-5.0.2.RELEASE.jar;C:\Users\Administrator\.m2\repository\org\springframework\spring-beans\5.0.2.RELEASE\spring-beans-5.0.2.RELEASE.jar;C:\Users\Administrator\.m2\repository\org\springframework\spring-core\5.0.2.RELEASE\spring-core-5.0.2.RELEASE.jar;C:\Users\Administrator\.m2\repository\org\springframework\spring-jcl\5.0.2.RELEASE\spring-jcl-5.0.2.RELEASE.jar;C:\Users\Administrator\.m2\repository\org\springframework\spring-test\5.0.2.RELEASE\spring-test-5.0.2.RELEASE.jar;C:\Users\Administrator\.m2\repository\org\springframework\spring-webmvc\5.0.2.RELEASE\spring-webmvc-5.0.2.RELEASE.jar;C:\Users\Administrator\.m2\repository\org\springframework\spring-tx\5.0.2.RELEASE\spring-tx-5.0.2.RELEASE.jar;C:\Users\Administrator\.m2\repository\junit\junit\4.12\junit-4.12.jar;C:\Users\Administrator\.m2\repository\org\hamcrest\hamcrest-core\1.3\hamcrest-core-1.3.jar;C:\Users\Administrator\.m2\repository\javax\servlet\javax.servlet-api\3.1.0\javax.servlet-api-3.1.0.jar;C:\Users\Administrator\.m2\repository\javax\servlet\jsp\jsp-api\2.0\jsp-api-2.0.jar;C:\Users\Administrator\.m2\repository\jstl\jstl\1.2\jstl-1.2.jar;C:\Users\Administrator\.m2\repository\log4j\log4j\1.2.12\log4j-1.2.12.jar;C:\Users\Administrator\.m2\repository\org\slf4j\slf4j-api\1.6.6\slf4j-api-1.6.6.jar;C:\Users\Administrator\.m2\repository\org\slf4j\slf4j-log4j12\1.6.6\slf4j-log4j12-1.6.6.jar;C:\Users\Administrator\.m2\repository\org\mybatis\mybatis\3.4.5\mybatis-3.4.5.jar;C:\Users\Administrator\.m2\repository\org\mybatis\mybatis-spring\1.3.0\mybatis-spring-1.3.0.jar;C:\Users\Administrator\.m2\repository\c3p0\c3p0\0.9.1.2\c3p0-0.9.1.2.jar;C:\Users\Administrator\.m2\repository\com\github\pagehelper\pagehelper\5.1.2\pagehelper-5.1.2.jar;C:\Users\Administrator\.m2\repository\com\github\jsqlparser\jsqlparser\1.0\jsqlparser-1.0.jar;C:\Users\Administrator\.m2\repository\org\springframework\security\spring-security-web\5.0.1.RELEASE\spring-security-web-5.0.1.RELEASE.jar;C:\Users\Administrator\.m2\repository\org\springframework\security\spring-security-config\5.0.1.RELEASE\spring-security-config-5.0.1.RELEASE.jar;C:\Users\Administrator\.m2\repository\org\springframework\security\spring-security-core\5.0.1.RELEASE\spring-security-core-5.0.1.RELEASE.jar;C:\Users\Administrator\.m2\repository\org\springframework\security\spring-security-taglibs\5.0.1.RELEASE\spring-security-taglibs-5.0.1.RELEASE.jar;C:\Users\Administrator\.m2\repository\org\springframework\security\spring-security-acl\5.0.1.RELEASE\spring-security-acl-5.0.1.RELEASE.jar;C:\Users\Administrator\.m2\repository\com\oracle\ojdbc14\10.2.0.4.0\ojdbc14-10.2.0.4.0.jar;C:\Users\Administrator\.m2\repository\javax\annotation\jsr250-api\1.0\jsr250-api-1.0.jar;, user.name=Administrator, java.vm.specification.version=1.8, sun.java.command=D:\javaProject\itheima_ssm\ithiema_ssm_service\target\surefire\surefirebooter729352748722164949.jar D:\javaProject\itheima_ssm\ithiema_ssm_service\target\surefire\surefire375837066467337085tmp D:\javaProject\itheima_ssm\ithiema_ssm_service\target\surefire\surefire_046694142782310309tmp, java.home=D:\JSE\Tools\java\jdk-8.0.1\jre, sun.arch.data.model=64, user.language=zh, java.specification.vendor=Oracle Corporation, awt.toolkit=sun.awt.windows.WToolkit, java.vm.info=mixed mode, java.version=1.8.0_131, java.ext.dirs=D:\JSE\Tools\java\jdk-8.0.1\jre\lib\ext;C:\Windows\Sun\Java\lib\ext, sun.boot.class.path=D:\JSE\Tools\java\jdk-8.0.1\jre\lib\resources.jar;D:\JSE\Tools\java\jdk-8.0.1\jre\lib\rt.jar;D:\JSE\Tools\java\jdk-8.0.1\jre\lib\sunrsasign.jar;D:\JSE\Tools\java\jdk-8.0.1\jre\lib\jsse.jar;D:\JSE\Tools\java\jdk-8.0.1\jre\lib\jce.jar;D:\JSE\Tools\java\jdk-8.0.1\jre\lib\charsets.jar;D:\JSE\Tools\java\jdk-8.0.1\jre\lib\jfr.jar;D:\JSE\Tools\java\jdk-8.0.1\jre\classes, java.vendor=Oracle Corporation, localRepository=C:\Users\Administrator\.m2\repository, file.separator=\, java.vendor.url.bug=http://bugreport.sun.com/bugreport/, sun.io.unicode.encoding=UnicodeLittle, sun.cpu.endian=little, sun.desktop=windows, sun.cpu.isalist=amd64}}, SystemEnvironmentPropertySource@201556483 {name=&apos;systemEnvironment&apos;, properties={PATH=C:\ProgramData\Oracle\Java\javapath;C:\Windows\system32;C:\Windows;C:\Windows\System32\Wbem;C:\Windows\System32\WindowsPowerShell\v1.0\;D:\JSE\Tools\java\jdk-9.0.4\bin;D:\JSE\Tools\java\jdk-9.0.4\jre\bin;D:\JSE\Tools\MySQL\MySQL server 5.5\bin;D:\JSE\Tools\MySQL\My SQL Server 5.5\bin;%ANDROID_HOME%\platform-tools;%ANDROID_HOME%\tools;D:\JSE\Tools\apache-maven-3.5.2\bin;D:\JSE\Tools\VisualSVN Server\bin;C:\Program Files (x86)\Microsoft SQL Server\100\Tools\Binn\;C:\Program Files\Microsoft SQL Server\100\Tools\Binn\;C:\Program Files\Microsoft SQL Server\100\DTS\Binn\;D:\JSE\Tools\python\Scripts\;D:\JSE\Tools\python\, PROCESSOR_LEVEL=6, SYSTEMDRIVE=C:, FP_NO_HOST_CHECK=NO, SESSIONNAME=Console, ALLUSERSPROFILE=C:\ProgramData, PROCESSOR_ARCHITECTURE=AMD64, TNS_ADMIN=D:\JSE\Tools\instantclient_12_1\config, VS100COMNTOOLS=D:\JSE\Tools\vs2010\Common7\Tools\, MAVEN_HOME=D:\JSE\Tools\apache-maven-3.5.2, PROGRAMFILES=C:\Program Files, PSMODULEPATH=C:\Windows\system32\WindowsPowerShell\v1.0\Modules\;D:\JSE\Tools\VisualSVN Server\PowerShellModules, PROGRAMDATA=C:\ProgramData, USERNAME=Administrator, VISUALSVN_SERVER=D:\JSE\Tools\VisualSVN Server\, PATHEXT=.COM;.EXE;.BAT;.CMD;.VBS;.VBE;.JS;.JSE;.WSF;.WSH;.MSC, 360SAFEDIR=D:\Program Files\360\360safe, 1830B7BD-F7A3-4C4D-989B-C004DE465EDE=d4c:750a60, WINDIR=C:\Windows, HOMEPATH=\Users\Administrator, PROCESSOR_IDENTIFIER=Intel64 Family 6 Model 60 Stepping 3, GenuineIntel, 360DIR=D:\Program Files\360\360safe, WINDOWS_TRACING_LOGFILE=C:\BVTBin\Tests\installpackage\csilogfile.log, PUBLIC=C:\Users\Public, =::=::\, LOCALAPPDATA=C:\Users\Administrator\AppData\Local, COMMONPROGRAMFILES(X86)=C:\Program Files (x86)\Common Files, USERDOMAIN=USER-20191031GG, LOGONSERVER=\\USER-20191031GG, JAVA_HOME=D:\JSE\Tools\java\jdk-9.0.4, PROMPT=$P$G, PROGRAMFILES(X86)=C:\Program Files (x86), WINDOWS_TRACING_FLAGS=3, APPDATA=C:\Users\Administrator\AppData\Roaming, PROGRAMW6432=C:\Program Files, SYSTEMROOT=C:\Windows, VBOX_MSI_INSTALL_PATH=C:\Program Files\Oracle\VirtualBox\, OS=Windows_NT, COMMONPROGRAMW6432=C:\Program Files\Common Files, COMPUTERNAME=USER-20191031GG, COMMONPROGRAMFILES=C:\Program Files\Common Files, COMSPEC=C:\Windows\system32\cmd.exe, PROCESSOR_REVISION=3c03, NLS_LANG=AMERICAN_AMERICA.ZHS16GBK, =D:=D:\javaProject\itheima_ssm\ithiema_ssm_service, TEMP=C:\Users\ADMINI~1\AppData\Local\Temp, HOMEDRIVE=C:, USERPROFILE=C:\Users\Administrator, TMP=C:\Users\ADMINI~1\AppData\Local\Temp, NUMBER_OF_PROCESSORS=4}}]
2020-07-09 11:02:43,321 15     [           main] INFO  ClassPathXmlApplicationContext  - Refreshing org.springframework.context.support.ClassPathXmlApplicationContext@1810399e: startup date [Thu Jul 09 11:02:43 CST 2020]; root of context hierarchy
2020-07-09 11:02:43,352 46     [           main] DEBUG k.core.env.StandardEnvironment  - Adding PropertySource &apos;systemProperties&apos; with lowest search precedence
2020-07-09 11:02:43,352 46     [           main] DEBUG k.core.env.StandardEnvironment  - Adding PropertySource &apos;systemEnvironment&apos; with lowest search precedence
2020-07-09 11:02:43,352 46     [           main] DEBUG k.core.env.StandardEnvironment  - Initialized StandardEnvironment with PropertySources [MapPropertySource@1709366259 {name=&apos;systemProperties&apos;, properties={idea.version=2017.3.7, java.runtime.name=Java(TM) SE Runtime Environment, sun.boot.library.path=D:\JSE\Tools\java\jdk-8.0.1\jre\bin, java.vm.version=25.131-b11, java.vm.vendor=Oracle Corporation, java.vendor.url=http://java.oracle.com/, path.separator=;, java.vm.name=Java HotSpot(TM) 64-Bit Server VM, file.encoding.pkg=sun.io, user.country=CN, user.script=, sun.java.launcher=SUN_STANDARD, sun.os.patch.level=Service Pack 1, java.vm.specification.name=Java Virtual Machine Specification, user.dir=D:\javaProject\itheima_ssm\ithiema_ssm_service, java.runtime.version=1.8.0_131-b11, basedir=D:\javaProject\itheima_ssm\ithiema_ssm_service, java.awt.graphicsenv=sun.awt.Win32GraphicsEnvironment, java.endorsed.dirs=D:\JSE\Tools\java\jdk-8.0.1\jre\lib\endorsed, os.arch=amd64, surefire.real.class.path=D:\javaProject\itheima_ssm\ithiema_ssm_service\target\surefire\surefirebooter729352748722164949.jar, java.io.tmpdir=C:\Users\ADMINI~1\AppData\Local\Temp\, line.separator=
, java.vm.specification.vendor=Oracle Corporation, user.variant=, os.name=Windows 7, sun.jnu.encoding=GBK, java.library.path=D:\JSE\Tools\java\jdk-8.0.1\jre\bin;C:\Windows\Sun\Java\bin;C:\Windows\system32;C:\Windows;C:\ProgramData\Oracle\Java\javapath;C:\Windows\system32;C:\Windows;C:\Windows\System32\Wbem;C:\Windows\System32\WindowsPowerShell\v1.0\;D:\JSE\Tools\java\jdk-9.0.4\bin;D:\JSE\Tools\java\jdk-9.0.4\jre\bin;D:\JSE\Tools\MySQL\MySQL server 5.5\bin;D:\JSE\Tools\MySQL\My SQL Server 5.5\bin;%ANDROID_HOME%\platform-tools;%ANDROID_HOME%\tools;D:\JSE\Tools\apache-maven-3.5.2\bin;D:\JSE\Tools\VisualSVN Server\bin;C:\Program Files (x86)\Microsoft SQL Server\100\Tools\Binn\;C:\Program Files\Microsoft SQL Server\100\Tools\Binn\;C:\Program Files\Microsoft SQL Server\100\DTS\Binn\;D:\JSE\Tools\python\Scripts\;D:\JSE\Tools\python\;., surefire.test.class.path=D:\javaProject\itheima_ssm\ithiema_ssm_service\target\test-classes;D:\javaProject\itheima_ssm\ithiema_ssm_service\target\classes;D:\javaProject\itheima_ssm\itheima_ssm_pojo\target\itheima_ssm_pojo-1.0-SNAPSHOT.jar;D:\javaProject\itheima_ssm\itheima_ssm_utils\target\itheima_ssm_utils-1.0-SNAPSHOT.jar;D:\javaProject\itheima_ssm\itheima_ssm_dao\target\itheima_ssm_dao-1.0-SNAPSHOT.jar;C:\Users\Administrator\.m2\repository\org\aspectj\aspectjweaver\1.6.8\aspectjweaver-1.6.8.jar;C:\Users\Administrator\.m2\repository\org\springframework\spring-aop\5.0.2.RELEASE\spring-aop-5.0.2.RELEASE.jar;C:\Users\Administrator\.m2\repository\org\springframework\spring-context\5.0.2.RELEASE\spring-context-5.0.2.RELEASE.jar;C:\Users\Administrator\.m2\repository\org\springframework\spring-expression\5.0.2.RELEASE\spring-expression-5.0.2.RELEASE.jar;C:\Users\Administrator\.m2\repository\org\springframework\spring-context-support\5.0.2.RELEASE\spring-context-support-5.0.2.RELEASE.jar;C:\Users\Administrator\.m2\repository\org\springframework\spring-web\5.0.2.RELEASE\spring-web-5.0.2.RELEASE.jar;C:\Users\Administrator\.m2\repository\org\springframework\spring-orm\5.0.2.RELEASE\spring-orm-5.0.2.RELEASE.jar;C:\Users\Administrator\.m2\repository\org\springframework\spring-jdbc\5.0.2.RELEASE\spring-jdbc-5.0.2.RELEASE.jar;C:\Users\Administrator\.m2\repository\org\springframework\spring-beans\5.0.2.RELEASE\spring-beans-5.0.2.RELEASE.jar;C:\Users\Administrator\.m2\repository\org\springframework\spring-core\5.0.2.RELEASE\spring-core-5.0.2.RELEASE.jar;C:\Users\Administrator\.m2\repository\org\springframework\spring-jcl\5.0.2.RELEASE\spring-jcl-5.0.2.RELEASE.jar;C:\Users\Administrator\.m2\repository\org\springframework\spring-test\5.0.2.RELEASE\spring-test-5.0.2.RELEASE.jar;C:\Users\Administrator\.m2\repository\org\springframework\spring-webmvc\5.0.2.RELEASE\spring-webmvc-5.0.2.RELEASE.jar;C:\Users\Administrator\.m2\repository\org\springframework\spring-tx\5.0.2.RELEASE\spring-tx-5.0.2.RELEASE.jar;C:\Users\Administrator\.m2\repository\junit\junit\4.12\junit-4.12.jar;C:\Users\Administrator\.m2\repository\org\hamcrest\hamcrest-core\1.3\hamcrest-core-1.3.jar;C:\Users\Administrator\.m2\repository\javax\servlet\javax.servlet-api\3.1.0\javax.servlet-api-3.1.0.jar;C:\Users\Administrator\.m2\repository\javax\servlet\jsp\jsp-api\2.0\jsp-api-2.0.jar;C:\Users\Administrator\.m2\repository\jstl\jstl\1.2\jstl-1.2.jar;C:\Users\Administrator\.m2\repository\log4j\log4j\1.2.12\log4j-1.2.12.jar;C:\Users\Administrator\.m2\repository\org\slf4j\slf4j-api\1.6.6\slf4j-api-1.6.6.jar;C:\Users\Administrator\.m2\repository\org\slf4j\slf4j-log4j12\1.6.6\slf4j-log4j12-1.6.6.jar;C:\Users\Administrator\.m2\repository\org\mybatis\mybatis\3.4.5\mybatis-3.4.5.jar;C:\Users\Administrator\.m2\repository\org\mybatis\mybatis-spring\1.3.0\mybatis-spring-1.3.0.jar;C:\Users\Administrator\.m2\repository\c3p0\c3p0\0.9.1.2\c3p0-0.9.1.2.jar;C:\Users\Administrator\.m2\repository\com\github\pagehelper\pagehelper\5.1.2\pagehelper-5.1.2.jar;C:\Users\Administrator\.m2\repository\com\github\jsqlparser\jsqlparser\1.0\jsqlparser-1.0.jar;C:\Users\Administrator\.m2\repository\org\springframework\security\spring-security-web\5.0.1.RELEASE\spring-security-web-5.0.1.RELEASE.jar;C:\Users\Administrator\.m2\repository\org\springframework\security\spring-security-config\5.0.1.RELEASE\spring-security-config-5.0.1.RELEASE.jar;C:\Users\Administrator\.m2\repository\org\springframework\security\spring-security-core\5.0.1.RELEASE\spring-security-core-5.0.1.RELEASE.jar;C:\Users\Administrator\.m2\repository\org\springframework\security\spring-security-taglibs\5.0.1.RELEASE\spring-security-taglibs-5.0.1.RELEASE.jar;C:\Users\Administrator\.m2\repository\org\springframework\security\spring-security-acl\5.0.1.RELEASE\spring-security-acl-5.0.1.RELEASE.jar;C:\Users\Administrator\.m2\repository\com\oracle\ojdbc14\10.2.0.4.0\ojdbc14-10.2.0.4.0.jar;C:\Users\Administrator\.m2\repository\javax\annotation\jsr250-api\1.0\jsr250-api-1.0.jar;, java.specification.name=Java Platform API Specification, java.class.version=52.0, sun.management.compiler=HotSpot 64-Bit Tiered Compilers, maven.repo.local=C:\Users\Administrator\.m2\repository, os.version=6.1, user.home=C:\Users\Administrator, user.timezone=Asia/Shanghai, java.awt.printerjob=sun.awt.windows.WPrinterJob, file.encoding=GBK, java.specification.version=1.8, java.class.path=D:\javaProject\itheima_ssm\ithiema_ssm_service\target\test-classes;D:\javaProject\itheima_ssm\ithiema_ssm_service\target\classes;D:\javaProject\itheima_ssm\itheima_ssm_pojo\target\itheima_ssm_pojo-1.0-SNAPSHOT.jar;D:\javaProject\itheima_ssm\itheima_ssm_utils\target\itheima_ssm_utils-1.0-SNAPSHOT.jar;D:\javaProject\itheima_ssm\itheima_ssm_dao\target\itheima_ssm_dao-1.0-SNAPSHOT.jar;C:\Users\Administrator\.m2\repository\org\aspectj\aspectjweaver\1.6.8\aspectjweaver-1.6.8.jar;C:\Users\Administrator\.m2\repository\org\springframework\spring-aop\5.0.2.RELEASE\spring-aop-5.0.2.RELEASE.jar;C:\Users\Administrator\.m2\repository\org\springframework\spring-context\5.0.2.RELEASE\spring-context-5.0.2.RELEASE.jar;C:\Users\Administrator\.m2\repository\org\springframework\spring-expression\5.0.2.RELEASE\spring-expression-5.0.2.RELEASE.jar;C:\Users\Administrator\.m2\repository\org\springframework\spring-context-support\5.0.2.RELEASE\spring-context-support-5.0.2.RELEASE.jar;C:\Users\Administrator\.m2\repository\org\springframework\spring-web\5.0.2.RELEASE\spring-web-5.0.2.RELEASE.jar;C:\Users\Administrator\.m2\repository\org\springframework\spring-orm\5.0.2.RELEASE\spring-orm-5.0.2.RELEASE.jar;C:\Users\Administrator\.m2\repository\org\springframework\spring-jdbc\5.0.2.RELEASE\spring-jdbc-5.0.2.RELEASE.jar;C:\Users\Administrator\.m2\repository\org\springframework\spring-beans\5.0.2.RELEASE\spring-beans-5.0.2.RELEASE.jar;C:\Users\Administrator\.m2\repository\org\springframework\spring-core\5.0.2.RELEASE\spring-core-5.0.2.RELEASE.jar;C:\Users\Administrator\.m2\repository\org\springframework\spring-jcl\5.0.2.RELEASE\spring-jcl-5.0.2.RELEASE.jar;C:\Users\Administrator\.m2\repository\org\springframework\spring-test\5.0.2.RELEASE\spring-test-5.0.2.RELEASE.jar;C:\Users\Administrator\.m2\repository\org\springframework\spring-webmvc\5.0.2.RELEASE\spring-webmvc-5.0.2.RELEASE.jar;C:\Users\Administrator\.m2\repository\org\springframework\spring-tx\5.0.2.RELEASE\spring-tx-5.0.2.RELEASE.jar;C:\Users\Administrator\.m2\repository\junit\junit\4.12\junit-4.12.jar;C:\Users\Administrator\.m2\repository\org\hamcrest\hamcrest-core\1.3\hamcrest-core-1.3.jar;C:\Users\Administrator\.m2\repository\javax\servlet\javax.servlet-api\3.1.0\javax.servlet-api-3.1.0.jar;C:\Users\Administrator\.m2\repository\javax\servlet\jsp\jsp-api\2.0\jsp-api-2.0.jar;C:\Users\Administrator\.m2\repository\jstl\jstl\1.2\jstl-1.2.jar;C:\Users\Administrator\.m2\repository\log4j\log4j\1.2.12\log4j-1.2.12.jar;C:\Users\Administrator\.m2\repository\org\slf4j\slf4j-api\1.6.6\slf4j-api-1.6.6.jar;C:\Users\Administrator\.m2\repository\org\slf4j\slf4j-log4j12\1.6.6\slf4j-log4j12-1.6.6.jar;C:\Users\Administrator\.m2\repository\org\mybatis\mybatis\3.4.5\mybatis-3.4.5.jar;C:\Users\Administrator\.m2\repository\org\mybatis\mybatis-spring\1.3.0\mybatis-spring-1.3.0.jar;C:\Users\Administrator\.m2\repository\c3p0\c3p0\0.9.1.2\c3p0-0.9.1.2.jar;C:\Users\Administrator\.m2\repository\com\github\pagehelper\pagehelper\5.1.2\pagehelper-5.1.2.jar;C:\Users\Administrator\.m2\repository\com\github\jsqlparser\jsqlparser\1.0\jsqlparser-1.0.jar;C:\Users\Administrator\.m2\repository\org\springframework\security\spring-security-web\5.0.1.RELEASE\spring-security-web-5.0.1.RELEASE.jar;C:\Users\Administrator\.m2\repository\org\springframework\security\spring-security-config\5.0.1.RELEASE\spring-security-config-5.0.1.RELEASE.jar;C:\Users\Administrator\.m2\repository\org\springframework\security\spring-security-core\5.0.1.RELEASE\spring-security-core-5.0.1.RELEASE.jar;C:\Users\Administrator\.m2\repository\org\springframework\security\spring-security-taglibs\5.0.1.RELEASE\spring-security-taglibs-5.0.1.RELEASE.jar;C:\Users\Administrator\.m2\repository\org\springframework\security\spring-security-acl\5.0.1.RELEASE\spring-security-acl-5.0.1.RELEASE.jar;C:\Users\Administrator\.m2\repository\com\oracle\ojdbc14\10.2.0.4.0\ojdbc14-10.2.0.4.0.jar;C:\Users\Administrator\.m2\repository\javax\annotation\jsr250-api\1.0\jsr250-api-1.0.jar;, user.name=Administrator, java.vm.specification.version=1.8, sun.java.command=D:\javaProject\itheima_ssm\ithiema_ssm_service\target\surefire\surefirebooter729352748722164949.jar D:\javaProject\itheima_ssm\ithiema_ssm_service\target\surefire\surefire375837066467337085tmp D:\javaProject\itheima_ssm\ithiema_ssm_service\target\surefire\surefire_046694142782310309tmp, java.home=D:\JSE\Tools\java\jdk-8.0.1\jre, sun.arch.data.model=64, user.language=zh, java.specification.vendor=Oracle Corporation, awt.toolkit=sun.awt.windows.WToolkit, java.vm.info=mixed mode, java.version=1.8.0_131, java.ext.dirs=D:\JSE\Tools\java\jdk-8.0.1\jre\lib\ext;C:\Windows\Sun\Java\lib\ext, sun.boot.class.path=D:\JSE\Tools\java\jdk-8.0.1\jre\lib\resources.jar;D:\JSE\Tools\java\jdk-8.0.1\jre\lib\rt.jar;D:\JSE\Tools\java\jdk-8.0.1\jre\lib\sunrsasign.jar;D:\JSE\Tools\java\jdk-8.0.1\jre\lib\jsse.jar;D:\JSE\Tools\java\jdk-8.0.1\jre\lib\jce.jar;D:\JSE\Tools\java\jdk-8.0.1\jre\lib\charsets.jar;D:\JSE\Tools\java\jdk-8.0.1\jre\lib\jfr.jar;D:\JSE\Tools\java\jdk-8.0.1\jre\classes, java.vendor=Oracle Corporation, localRepository=C:\Users\Administrator\.m2\repository, file.separator=\, java.vendor.url.bug=http://bugreport.sun.com/bugreport/, sun.io.unicode.encoding=UnicodeLittle, sun.cpu.endian=little, sun.desktop=windows, sun.cpu.isalist=amd64}}, SystemEnvironmentPropertySource@1335298403 {name=&apos;systemEnvironment&apos;, properties={PATH=C:\ProgramData\Oracle\Java\javapath;C:\Windows\system32;C:\Windows;C:\Windows\System32\Wbem;C:\Windows\System32\WindowsPowerShell\v1.0\;D:\JSE\Tools\java\jdk-9.0.4\bin;D:\JSE\Tools\java\jdk-9.0.4\jre\bin;D:\JSE\Tools\MySQL\MySQL server 5.5\bin;D:\JSE\Tools\MySQL\My SQL Server 5.5\bin;%ANDROID_HOME%\platform-tools;%ANDROID_HOME%\tools;D:\JSE\Tools\apache-maven-3.5.2\bin;D:\JSE\Tools\VisualSVN Server\bin;C:\Program Files (x86)\Microsoft SQL Server\100\Tools\Binn\;C:\Program Files\Microsoft SQL Server\100\Tools\Binn\;C:\Program Files\Microsoft SQL Server\100\DTS\Binn\;D:\JSE\Tools\python\Scripts\;D:\JSE\Tools\python\, PROCESSOR_LEVEL=6, SYSTEMDRIVE=C:, FP_NO_HOST_CHECK=NO, SESSIONNAME=Console, ALLUSERSPROFILE=C:\ProgramData, PROCESSOR_ARCHITECTURE=AMD64, TNS_ADMIN=D:\JSE\Tools\instantclient_12_1\config, VS100COMNTOOLS=D:\JSE\Tools\vs2010\Common7\Tools\, MAVEN_HOME=D:\JSE\Tools\apache-maven-3.5.2, PROGRAMFILES=C:\Program Files, PSMODULEPATH=C:\Windows\system32\WindowsPowerShell\v1.0\Modules\;D:\JSE\Tools\VisualSVN Server\PowerShellModules, PROGRAMDATA=C:\ProgramData, USERNAME=Administrator, VISUALSVN_SERVER=D:\JSE\Tools\VisualSVN Server\, PATHEXT=.COM;.EXE;.BAT;.CMD;.VBS;.VBE;.JS;.JSE;.WSF;.WSH;.MSC, 360SAFEDIR=D:\Program Files\360\360safe, 1830B7BD-F7A3-4C4D-989B-C004DE465EDE=d4c:750a60, WINDIR=C:\Windows, HOMEPATH=\Users\Administrator, PROCESSOR_IDENTIFIER=Intel64 Family 6 Model 60 Stepping 3, GenuineIntel, 360DIR=D:\Program Files\360\360safe, WINDOWS_TRACING_LOGFILE=C:\BVTBin\Tests\installpackage\csilogfile.log, PUBLIC=C:\Users\Public, =::=::\, LOCALAPPDATA=C:\Users\Administrator\AppData\Local, COMMONPROGRAMFILES(X86)=C:\Program Files (x86)\Common Files, USERDOMAIN=USER-20191031GG, LOGONSERVER=\\USER-20191031GG, JAVA_HOME=D:\JSE\Tools\java\jdk-9.0.4, PROMPT=$P$G, PROGRAMFILES(X86)=C:\Program Files (x86), WINDOWS_TRACING_FLAGS=3, APPDATA=C:\Users\Administrator\AppData\Roaming, PROGRAMW6432=C:\Program Files, SYSTEMROOT=C:\Windows, VBOX_MSI_INSTALL_PATH=C:\Program Files\Oracle\VirtualBox\, OS=Windows_NT, COMMONPROGRAMW6432=C:\Program Files\Common Files, COMPUTERNAME=USER-20191031GG, COMMONPROGRAMFILES=C:\Program Files\Common Files, COMSPEC=C:\Windows\system32\cmd.exe, PROCESSOR_REVISION=3c03, NLS_LANG=AMERICAN_AMERICA.ZHS16GBK, =D:=D:\javaProject\itheima_ssm\ithiema_ssm_service, TEMP=C:\Users\ADMINI~1\AppData\Local\Temp, HOMEDRIVE=C:, USERPROFILE=C:\Users\Administrator, TMP=C:\Users\ADMINI~1\AppData\Local\Temp, NUMBER_OF_PROCESSORS=4}}]
2020-07-09 11:02:43,368 62     [           main] INFO  ry.xml.XmlBeanDefinitionReader  - Loading XML bean definitions from class path resource [applicationContext.xml]
2020-07-09 11:02:43,384 78     [           main] DEBUG tory.xml.DefaultDocumentLoader  - Using JAXP provider [com.sun.org.apache.xerces.internal.jaxp.DocumentBuilderFactoryImpl]
2020-07-09 11:02:43,415 109    [           main] DEBUG ry.xml.PluggableSchemaResolver  - Loading schema mappings from [META-INF/spring.schemas]
2020-07-09 11:02:43,415 109    [           main] DEBUG ry.xml.PluggableSchemaResolver  - Loaded schema mappings: {http://www.springframework.org/schema/tx/spring-tx-4.3.xsd=org/springframework/transaction/config/spring-tx.xsd, http://www.springframework.org/schema/tx/spring-tx-2.5.xsd=org/springframework/transaction/config/spring-tx.xsd, http://www.springframework.org/schema/cache/spring-cache-4.2.xsd=org/springframework/cache/config/spring-cache.xsd, http://www.springframework.org/schema/aop/spring-aop-4.1.xsd=org/springframework/aop/config/spring-aop.xsd, http://www.springframework.org/schema/context/spring-context-3.1.xsd=org/springframework/context/config/spring-context.xsd, http://www.springframework.org/schema/jdbc/spring-jdbc-4.1.xsd=org/springframework/jdbc/config/spring-jdbc.xsd, http://www.springframework.org/schema/mvc/spring-mvc-4.1.xsd=org/springframework/web/servlet/config/spring-mvc.xsd, http://www.springframework.org/schema/util/spring-util-3.0.xsd=org/springframework/beans/factory/xml/spring-util.xsd, http://www.springframework.org/schema/security/spring-security-3.0.3.xsd=org/springframework/security/config/spring-security-3.0.3.xsd, http://www.springframework.org/schema/security/spring-security-2.0.1.xsd=org/springframework/security/config/spring-security-2.0.1.xsd, http://mybatis.org/schema/mybatis-spring-1.2.xsd=org/mybatis/spring/config/mybatis-spring-1.2.xsd, http://www.springframework.org/schema/tool/spring-tool.xsd=org/springframework/beans/factory/xml/spring-tool.xsd, http://www.springframework.org/schema/aop/spring-aop-3.2.xsd=org/springframework/aop/config/spring-aop.xsd, http://www.springframework.org/schema/lang/spring-lang-4.1.xsd=org/springframework/scripting/config/spring-lang.xsd, http://www.springframework.org/schema/context/spring-context-4.0.xsd=org/springframework/context/config/spring-context.xsd, http://www.springframework.org/schema/mvc/spring-mvc-3.2.xsd=org/springframework/web/servlet/config/spring-mvc.xsd, http://www.springframework.org/schema/beans/spring-beans-4.2.xsd=org/springframework/beans/factory/xml/spring-beans.xsd, http://www.springframework.org/schema/tool/spring-tool-4.1.xsd=org/springframework/beans/factory/xml/spring-tool.xsd, http://www.springframework.org/schema/lang/spring-lang-3.2.xsd=org/springframework/scripting/config/spring-lang.xsd, http://www.springframework.org/schema/cache/spring-cache-3.2.xsd=org/springframework/cache/config/spring-cache.xsd, http://www.springframework.org/schema/jee/spring-jee-4.1.xsd=org/springframework/ejb/config/spring-jee.xsd, http://www.springframework.org/schema/jdbc/spring-jdbc-3.1.xsd=org/springframework/jdbc/config/spring-jdbc.xsd, http://www.springframework.org/schema/util/spring-util-2.0.xsd=org/springframework/beans/factory/xml/spring-util.xsd, http://www.springframework.org/schema/task/spring-task-4.2.xsd=org/springframework/scheduling/config/spring-task.xsd, http://www.springframework.org/schema/tool/spring-tool-3.2.xsd=org/springframework/beans/factory/xml/spring-tool.xsd, http://www.springframework.org/schema/context/spring-context.xsd=org/springframework/context/config/spring-context.xsd, http://www.springframework.org/schema/tx/spring-tx-4.2.xsd=org/springframework/transaction/config/spring-tx.xsd, http://www.springframework.org/schema/cache/spring-cache-4.1.xsd=org/springframework/cache/config/spring-cache.xsd, http://www.springframework.org/schema/aop/spring-aop-4.0.xsd=org/springframework/aop/config/spring-aop.xsd, http://www.springframework.org/schema/security/spring-security-2.0.xsd=org/springframework/security/config/spring-security-2.0.xsd, http://www.springframework.org/schema/jee/spring-jee-3.2.xsd=org/springframework/ejb/config/spring-jee.xsd, http://www.springframework.org/schema/context/spring-context-3.0.xsd=org/springframework/context/config/spring-context.xsd, http://www.springframework.org/schema/jdbc/spring-jdbc-4.0.xsd=org/springframework/jdbc/config/spring-jdbc.xsd, http://www.springframework.org/schema/mvc/spring-mvc-4.0.xsd=org/springframework/web/servlet/config/spring-mvc.xsd, http://www.springframework.org/schema/util/spring-util-4.3.xsd=org/springframework/beans/factory/xml/spring-util.xsd, http://www.springframework.org/schema/util/spring-util-2.5.xsd=org/springframework/beans/factory/xml/spring-util.xsd, http://www.springframework.org/schema/beans/spring-beans-3.2.xsd=org/springframework/beans/factory/xml/spring-beans.xsd, http://www.springframework.org/schema/aop/spring-aop-3.1.xsd=org/springframework/aop/config/spring-aop.xsd, http://www.springframework.org/schema/lang/spring-lang-4.0.xsd=org/springframework/scripting/config/spring-lang.xsd, http://www.springframework.org/schema/mvc/spring-mvc.xsd=org/springframework/web/servlet/config/spring-mvc.xsd, http://www.springframework.org/schema/mvc/spring-mvc-3.1.xsd=org/springframework/web/servlet/config/spring-mvc.xsd, http://www.springframework.org/schema/beans/spring-beans-4.1.xsd=org/springframework/beans/factory/xml/spring-beans.xsd, http://www.springframework.org/schema/tool/spring-tool-4.0.xsd=org/springframework/beans/factory/xml/spring-tool.xsd, http://www.springframework.org/schema/tx/spring-tx-3.2.xsd=org/springframework/transaction/config/spring-tx.xsd, http://www.springframework.org/schema/lang/spring-lang-3.1.xsd=org/springframework/scripting/config/spring-lang.xsd, http://www.springframework.org/schema/cache/spring-cache-3.1.xsd=org/springframework/cache/config/spring-cache.xsd, http://www.springframework.org/schema/jee/spring-jee-4.0.xsd=org/springframework/ejb/config/spring-jee.xsd, http://www.springframework.org/schema/jdbc/spring-jdbc-3.0.xsd=org/springframework/jdbc/config/spring-jdbc.xsd, http://www.springframework.org/schema/task/spring-task-4.1.xsd=org/springframework/scheduling/config/spring-task.xsd, http://www.springframework.org/schema/tool/spring-tool-3.1.xsd=org/springframework/beans/factory/xml/spring-tool.xsd, http://www.springframework.org/schema/jdbc/spring-jdbc.xsd=org/springframework/jdbc/config/spring-jdbc.xsd, http://www.springframework.org/schema/tx/spring-tx-4.1.xsd=org/springframework/transaction/config/spring-tx.xsd, http://www.springframework.org/schema/cache/spring-cache-4.0.xsd=org/springframework/cache/config/spring-cache.xsd, http://www.springframework.org/schema/jee/spring-jee-3.1.xsd=org/springframework/ejb/config/spring-jee.xsd, http://www.springframework.org/schema/util/spring-util-4.2.xsd=org/springframework/beans/factory/xml/spring-util.xsd, http://www.springframework.org/schema/task/spring-task-3.2.xsd=org/springframework/scheduling/config/spring-task.xsd, http://www.springframework.org/schema/beans/spring-beans-3.1.xsd=org/springframework/beans/factory/xml/spring-beans.xsd, http://www.springframework.org/schema/util/spring-util.xsd=org/springframework/beans/factory/xml/spring-util.xsd, http://www.springframework.org/schema/aop/spring-aop-3.0.xsd=org/springframework/aop/config/spring-aop.xsd, http://www.springframework.org/schema/security/spring-security-4.2.xsd=org/springframework/security/config/spring-security-4.2.xsd, http://www.springframework.org/schema/mvc/spring-mvc-3.0.xsd=org/springframework/web/servlet/config/spring-mvc.xsd, http://www.springframework.org/schema/beans/spring-beans-4.0.xsd=org/springframework/beans/factory/xml/spring-beans.xsd, http://www.springframework.org/schema/beans/spring-beans.xsd=org/springframework/beans/factory/xml/spring-beans.xsd, http://www.springframework.org/schema/security/spring-security-2.0.4.xsd=org/springframework/security/config/spring-security-2.0.4.xsd, http://mybatis.org/schema/mybatis-spring.xsd=org/mybatis/spring/config/mybatis-spring-1.2.xsd, http://www.springframework.org/schema/tx/spring-tx-3.1.xsd=org/springframework/transaction/config/spring-tx.xsd, http://www.springframework.org/schema/lang/spring-lang-3.0.xsd=org/springframework/scripting/config/spring-lang.xsd, http://www.springframework.org/schema/context/spring-context-2.5.xsd=org/springframework/context/config/spring-context.xsd, http://www.springframework.org/schema/context/spring-context-4.3.xsd=org/springframework/context/config/spring-context.xsd, http://www.springframework.org/schema/task/spring-task-4.0.xsd=org/springframework/scheduling/config/spring-task.xsd, http://www.springframework.org/schema/tool/spring-tool-3.0.xsd=org/springframework/beans/factory/xml/spring-tool.xsd, http://www.springframework.org/schema/tx/spring-tx-4.0.xsd=org/springframework/transaction/config/spring-tx.xsd, http://www.springframework.org/schema/aop/spring-aop-2.0.xsd=org/springframework/aop/config/spring-aop.xsd, http://www.springframework.org/schema/security/spring-security-3.2.xsd=org/springframework/security/config/spring-security-3.2.xsd, http://www.springframework.org/schema/jee/spring-jee-3.0.xsd=org/springframework/ejb/config/spring-jee.xsd, http://www.springframework.org/schema/util/spring-util-4.1.xsd=org/springframework/beans/factory/xml/spring-util.xsd, http://www.springframework.org/schema/task/spring-task-3.1.xsd=org/springframework/scheduling/config/spring-task.xsd, http://www.springframework.org/schema/beans/spring-beans-3.0.xsd=org/springframework/beans/factory/xml/spring-beans.xsd, http://www.springframework.org/schema/jee/spring-jee.xsd=org/springframework/ejb/config/spring-jee.xsd, http://www.springframework.org/schema/aop/spring-aop-2.5.xsd=org/springframework/aop/config/spring-aop.xsd, http://www.springframework.org/schema/aop/spring-aop-4.3.xsd=org/springframework/aop/config/spring-aop.xsd, http://www.springframework.org/schema/security/spring-security-4.1.xsd=org/springframework/security/config/spring-security-4.1.xsd, http://www.springframework.org/schema/lang/spring-lang-2.0.xsd=org/springframework/scripting/config/spring-lang.xsd, http://www.springframework.org/schema/jdbc/spring-jdbc-4.3.xsd=org/springframework/jdbc/config/spring-jdbc.xsd, http://www.springframework.org/schema/mvc/spring-mvc-4.3.xsd=org/springframework/web/servlet/config/spring-mvc.xsd, http://www.springframework.org/schema/util/spring-util-3.2.xsd=org/springframework/beans/factory/xml/spring-util.xsd, http://www.springframework.org/schema/task/spring-task.xsd=org/springframework/scheduling/config/spring-task.xsd, http://www.springframework.org/schema/tool/spring-tool-2.0.xsd=org/springframework/beans/factory/xml/spring-tool.xsd, http://www.springframework.org/schema/security/spring-security-5.0.xsd=org/springframework/security/config/spring-security-5.0.xsd, http://www.springframework.org/schema/tx/spring-tx-3.0.xsd=org/springframework/transaction/config/spring-tx.xsd, http://www.springframework.org/schema/lang/spring-lang-2.5.xsd=org/springframework/scripting/config/spring-lang.xsd, http://www.springframework.org/schema/lang/spring-lang-4.3.xsd=org/springframework/scripting/config/spring-lang.xsd, http://www.springframework.org/schema/context/spring-context-4.2.xsd=org/springframework/context/config/spring-context.xsd, http://www.springframework.org/schema/jee/spring-jee-2.0.xsd=org/springframework/ejb/config/spring-jee.xsd, http://www.springframework.org/schema/tool/spring-tool-4.3.xsd=org/springframework/beans/factory/xml/spring-tool.xsd, http://www.springframework.org/schema/tool/spring-tool-2.5.xsd=org/springframework/beans/factory/xml/spring-tool.xsd, http://www.springframework.org/schema/security/spring-security-3.1.xsd=org/springframework/security/config/spring-security-3.1.xsd, http://www.springframework.org/schema/jee/spring-jee-4.3.xsd=org/springframework/ejb/config/spring-jee.xsd, http://www.springframework.org/schema/jee/spring-jee-2.5.xsd=org/springframework/ejb/config/spring-jee.xsd, http://www.springframework.org/schema/util/spring-util-4.0.xsd=org/springframework/beans/factory/xml/spring-util.xsd, http://www.springframework.org/schema/task/spring-task-3.0.xsd=org/springframework/scheduling/config/spring-task.xsd, http://www.springframework.org/schema/cache/spring-cache-4.3.xsd=org/springframework/cache/config/spring-cache.xsd, http://www.springframework.org/schema/aop/spring-aop-4.2.xsd=org/springframework/aop/config/spring-aop.xsd, http://www.springframework.org/schema/security/spring-security-4.0.xsd=org/springframework/security/config/spring-security-4.0.xsd, http://www.springframework.org/schema/lang/spring-lang.xsd=org/springframework/scripting/config/spring-lang.xsd, http://www.springframework.org/schema/context/spring-context-3.2.xsd=org/springframework/context/config/spring-context.xsd, http://www.springframework.org/schema/jdbc/spring-jdbc-4.2.xsd=org/springframework/jdbc/config/spring-jdbc.xsd, http://www.springframework.org/schema/mvc/spring-mvc-4.2.xsd=org/springframework/web/servlet/config/spring-mvc.xsd, http://www.springframework.org/schema/util/spring-util-3.1.xsd=org/springframework/beans/factory/xml/spring-util.xsd, http://www.springframework.org/schema/beans/spring-beans-2.0.xsd=org/springframework/beans/factory/xml/spring-beans.xsd, http://www.springframework.org/schema/cache/spring-cache.xsd=org/springframework/cache/config/spring-cache.xsd, http://www.springframework.org/schema/tx/spring-tx.xsd=org/springframework/transaction/config/spring-tx.xsd, http://www.springframework.org/schema/security/spring-security-2.0.2.xsd=org/springframework/security/config/spring-security-2.0.2.xsd, http://www.springframework.org/schema/lang/spring-lang-4.2.xsd=org/springframework/scripting/config/spring-lang.xsd, http://www.springframework.org/schema/context/spring-context-4.1.xsd=org/springframework/context/config/spring-context.xsd, http://www.springframework.org/schema/beans/spring-beans-2.5.xsd=org/springframework/beans/factory/xml/spring-beans.xsd, http://www.springframework.org/schema/beans/spring-beans-4.3.xsd=org/springframework/beans/factory/xml/spring-beans.xsd, http://www.springframework.org/schema/tool/spring-tool-4.2.xsd=org/springframework/beans/factory/xml/spring-tool.xsd, http://www.springframework.org/schema/security/spring-security.xsd=org/springframework/security/config/spring-security-5.0.xsd, http://www.springframework.org/schema/tx/spring-tx-2.0.xsd=org/springframework/transaction/config/spring-tx.xsd, http://www.springframework.org/schema/security/spring-security-3.0.xsd=org/springframework/security/config/spring-security-3.0.xsd, http://www.springframework.org/schema/jee/spring-jee-4.2.xsd=org/springframework/ejb/config/spring-jee.xsd, http://www.springframework.org/schema/jdbc/spring-jdbc-3.2.xsd=org/springframework/jdbc/config/spring-jdbc.xsd, http://www.springframework.org/schema/task/spring-task-4.3.xsd=org/springframework/scheduling/config/spring-task.xsd, http://www.springframework.org/schema/aop/spring-aop.xsd=org/springframework/aop/config/spring-aop.xsd}
2020-07-09 11:02:43,430 124    [           main] DEBUG ry.xml.PluggableSchemaResolver  - Found XML schema [http://www.springframework.org/schema/beans/spring-beans.xsd] in classpath: org/springframework/beans/factory/xml/spring-beans.xsd
2020-07-09 11:02:43,462 156    [           main] DEBUG ry.xml.PluggableSchemaResolver  - Found XML schema [http://www.springframework.org/schema/context/spring-context.xsd] in classpath: org/springframework/context/config/spring-context.xsd
2020-07-09 11:02:43,477 171    [           main] DEBUG ry.xml.PluggableSchemaResolver  - Found XML schema [http://www.springframework.org/schema/tool/spring-tool.xsd] in classpath: org/springframework/beans/factory/xml/spring-tool.xsd
2020-07-09 11:02:43,493 187    [           main] DEBUG ltBeanDefinitionDocumentReader  - Loading bean definitions
2020-07-09 11:02:43,508 202    [           main] DEBUG efaultNamespaceHandlerResolver  - Loaded NamespaceHandler mappings: {http://www.springframework.org/schema/p=org.springframework.beans.factory.xml.SimplePropertyNamespaceHandler, http://www.springframework.org/schema/mvc=org.springframework.web.servlet.config.MvcNamespaceHandler, http://www.springframework.org/schema/util=org.springframework.beans.factory.xml.UtilNamespaceHandler, http://www.springframework.org/schema/jee=org.springframework.ejb.config.JeeNamespaceHandler, http://www.springframework.org/schema/aop=org.springframework.aop.config.AopNamespaceHandler, http://www.springframework.org/schema/jdbc=org.springframework.jdbc.config.JdbcNamespaceHandler, http://www.springframework.org/schema/cache=org.springframework.cache.config.CacheNamespaceHandler, http://mybatis.org/schema/mybatis-spring=org.mybatis.spring.config.NamespaceHandler, http://www.springframework.org/schema/c=org.springframework.beans.factory.xml.SimpleConstructorNamespaceHandler, http://www.springframework.org/schema/security=org.springframework.security.config.SecurityNamespaceHandler, http://www.springframework.org/schema/tx=org.springframework.transaction.config.TxNamespaceHandler, http://www.springframework.org/schema/task=org.springframework.scheduling.config.TaskNamespaceHandler, http://www.springframework.org/schema/lang=org.springframework.scripting.config.LangNamespaceHandler, http://www.springframework.org/schema/context=org.springframework.context.config.ContextNamespaceHandler}
2020-07-09 11:02:43,524 218    [           main] DEBUG l.BeanDefinitionParserDelegate  - Neither XML &apos;id&apos; nor &apos;name&apos; specified - using generated bean name [com.github.pagehelper.PageInterceptor#11758f2a]
2020-07-09 11:02:43,524 218    [           main] DEBUG l.BeanDefinitionParserDelegate  - Neither XML &apos;id&apos; nor &apos;name&apos; specified - using generated bean name [org.mybatis.spring.mapper.MapperScannerConfigurer#0]
2020-07-09 11:02:43,540 234    [           main] DEBUG atchingResourcePatternResolver  - Resolved classpath location [com/itheima/service/] to resources [URL [file:/D:/javaProject/itheima_ssm/ithiema_ssm_service/target/classes/com/itheima/service/]]
2020-07-09 11:02:43,540 234    [           main] DEBUG atchingResourcePatternResolver  - Looking for matching resources in directory tree [D:\javaProject\itheima_ssm\ithiema_ssm_service\target\classes\com\itheima\service]
2020-07-09 11:02:43,540 234    [           main] DEBUG atchingResourcePatternResolver  - Searching directory [D:\javaProject\itheima_ssm\ithiema_ssm_service\target\classes\com\itheima\service] for files matching pattern [D:/javaProject/itheima_ssm/ithiema_ssm_service/target/classes/com/itheima/service/**/*.class]
2020-07-09 11:02:43,540 234    [           main] DEBUG atchingResourcePatternResolver  - Searching directory [D:\javaProject\itheima_ssm\ithiema_ssm_service\target\classes\com\itheima\service\impl] for files matching pattern [D:/javaProject/itheima_ssm/ithiema_ssm_service/target/classes/com/itheima/service/**/*.class]
2020-07-09 11:02:43,555 249    [           main] DEBUG atchingResourcePatternResolver  - Resolved location pattern [classpath*:com/itheima/service/**/*.class] to resources [file [D:\javaProject\itheima_ssm\ithiema_ssm_service\target\classes\com\itheima\service\impl\OrdersServiceImpl.class], file [D:\javaProject\itheima_ssm\ithiema_ssm_service\target\classes\com\itheima\service\impl\PermissionServiceImpl.class], file [D:\javaProject\itheima_ssm\ithiema_ssm_service\target\classes\com\itheima\service\impl\ProductServiceImpl.class], file [D:\javaProject\itheima_ssm\ithiema_ssm_service\target\classes\com\itheima\service\impl\RoleServiceImpl.class], file [D:\javaProject\itheima_ssm\ithiema_ssm_service\target\classes\com\itheima\service\impl\SysLogServiceImpl.class], file [D:\javaProject\itheima_ssm\ithiema_ssm_service\target\classes\com\itheima\service\impl\UserServiceImpl.class], file [D:\javaProject\itheima_ssm\ithiema_ssm_service\target\classes\com\itheima\service\IOrdersService.class], file [D:\javaProject\itheima_ssm\ithiema_ssm_service\target\classes\com\itheima\service\IPermissionService.class], file [D:\javaProject\itheima_ssm\ithiema_ssm_service\target\classes\com\itheima\service\IProductService.class], file [D:\javaProject\itheima_ssm\ithiema_ssm_service\target\classes\com\itheima\service\IRoleService.class], file [D:\javaProject\itheima_ssm\ithiema_ssm_service\target\classes\com\itheima\service\ISysLogService.class], file [D:\javaProject\itheima_ssm\ithiema_ssm_service\target\classes\com\itheima\service\IUserService.class]]
2020-07-09 11:02:43,586 280    [           main] DEBUG ClassPathBeanDefinitionScanner  - Identified candidate component class: file [D:\javaProject\itheima_ssm\ithiema_ssm_service\target\classes\com\itheima\service\impl\OrdersServiceImpl.class]
2020-07-09 11:02:43,586 280    [           main] DEBUG ClassPathBeanDefinitionScanner  - Identified candidate component class: file [D:\javaProject\itheima_ssm\ithiema_ssm_service\target\classes\com\itheima\service\impl\PermissionServiceImpl.class]
2020-07-09 11:02:43,586 280    [           main] DEBUG ClassPathBeanDefinitionScanner  - Identified candidate component class: file [D:\javaProject\itheima_ssm\ithiema_ssm_service\target\classes\com\itheima\service\impl\ProductServiceImpl.class]
2020-07-09 11:02:43,602 296    [           main] DEBUG ClassPathBeanDefinitionScanner  - Identified candidate component class: file [D:\javaProject\itheima_ssm\ithiema_ssm_service\target\classes\com\itheima\service\impl\RoleServiceImpl.class]
2020-07-09 11:02:43,602 296    [           main] DEBUG ClassPathBeanDefinitionScanner  - Identified candidate component class: file [D:\javaProject\itheima_ssm\ithiema_ssm_service\target\classes\com\itheima\service\impl\SysLogServiceImpl.class]
2020-07-09 11:02:43,602 296    [           main] DEBUG ClassPathBeanDefinitionScanner  - Identified candidate component class: file [D:\javaProject\itheima_ssm\ithiema_ssm_service\target\classes\com\itheima\service\impl\UserServiceImpl.class]
2020-07-09 11:02:43,618 312    [           main] DEBUG atchingResourcePatternResolver  - Resolved classpath location [com/itheima/dao/] to resources [URL [jar:file:/D:/javaProject/itheima_ssm/itheima_ssm_dao/target/itheima_ssm_dao-1.0-SNAPSHOT.jar!/com/itheima/dao/]]
2020-07-09 11:02:43,618 312    [           main] DEBUG atchingResourcePatternResolver  - Looking for matching resources in jar file [file:/D:/javaProject/itheima_ssm/itheima_ssm_dao/target/itheima_ssm_dao-1.0-SNAPSHOT.jar]
2020-07-09 11:02:43,618 312    [           main] DEBUG atchingResourcePatternResolver  - Resolved location pattern [classpath*:com/itheima/dao/**/*.class] to resources [URL [jar:file:/D:/javaProject/itheima_ssm/itheima_ssm_dao/target/itheima_ssm_dao-1.0-SNAPSHOT.jar!/com/itheima/dao/IMemberDao.class], URL [jar:file:/D:/javaProject/itheima_ssm/itheima_ssm_dao/target/itheima_ssm_dao-1.0-SNAPSHOT.jar!/com/itheima/dao/IOrdersDao.class], URL [jar:file:/D:/javaProject/itheima_ssm/itheima_ssm_dao/target/itheima_ssm_dao-1.0-SNAPSHOT.jar!/com/itheima/dao/IPermissionDao.class], URL [jar:file:/D:/javaProject/itheima_ssm/itheima_ssm_dao/target/itheima_ssm_dao-1.0-SNAPSHOT.jar!/com/itheima/dao/IProductDao.class], URL [jar:file:/D:/javaProject/itheima_ssm/itheima_ssm_dao/target/itheima_ssm_dao-1.0-SNAPSHOT.jar!/com/itheima/dao/IRoleDao.class], URL [jar:file:/D:/javaProject/itheima_ssm/itheima_ssm_dao/target/itheima_ssm_dao-1.0-SNAPSHOT.jar!/com/itheima/dao/ISysLogDao.class], URL [jar:file:/D:/javaProject/itheima_ssm/itheima_ssm_dao/target/itheima_ssm_dao-1.0-SNAPSHOT.jar!/com/itheima/dao/ITravellerDao.class], URL [jar:file:/D:/javaProject/itheima_ssm/itheima_ssm_dao/target/itheima_ssm_dao-1.0-SNAPSHOT.jar!/com/itheima/dao/IUserDao.class]]
2020-07-09 11:02:43,633 327    [           main] DEBUG ClassPathBeanDefinitionScanner  - Ignored because not a concrete top-level class: URL [jar:file:/D:/javaProject/itheima_ssm/itheima_ssm_dao/target/itheima_ssm_dao-1.0-SNAPSHOT.jar!/com/itheima/dao/IOrdersDao.class]
2020-07-09 11:02:43,649 343    [           main] DEBUG ClassPathBeanDefinitionScanner  - Ignored because not a concrete top-level class: URL [jar:file:/D:/javaProject/itheima_ssm/itheima_ssm_dao/target/itheima_ssm_dao-1.0-SNAPSHOT.jar!/com/itheima/dao/IProductDao.class]
2020-07-09 11:02:43,649 343    [           main] DEBUG ry.xml.XmlBeanDefinitionReader  - Loaded 17 bean definitions from location pattern [applicationContext.xml]
2020-07-09 11:02:43,649 343    [           main] DEBUG ClassPathXmlApplicationContext  - Bean factory for org.springframework.context.support.ClassPathXmlApplicationContext@1810399e: org.springframework.beans.factory.support.DefaultListableBeanFactory@77e9807f: defining beans [org.springframework.context.support.PropertySourcesPlaceholderConfigurer#0,dataSource,sqlSessionFactoryBean,org.mybatis.spring.mapper.MapperScannerConfigurer#0,ordersServiceImpl,permissionServiceImpl,productService,roleServiceImpl,sysLogServiceImpl,userService,org.springframework.context.annotation.internalConfigurationAnnotationProcessor,org.springframework.context.annotation.internalAutowiredAnnotationProcessor,org.springframework.context.annotation.internalRequiredAnnotationProcessor,org.springframework.context.annotation.internalCommonAnnotationProcessor,org.springframework.context.event.internalEventListenerProcessor,org.springframework.context.event.internalEventListenerFactory,transactionManager]; root of factory hierarchy
2020-07-09 11:02:43,680 374    [           main] DEBUG ort.DefaultListableBeanFactory  - Creating shared instance of singleton bean &apos;org.springframework.context.annotation.internalConfigurationAnnotationProcessor&apos;
2020-07-09 11:02:43,680 374    [           main] DEBUG ort.DefaultListableBeanFactory  - Creating instance of bean &apos;org.springframework.context.annotation.internalConfigurationAnnotationProcessor&apos;
2020-07-09 11:02:43,696 390    [           main] DEBUG ort.DefaultListableBeanFactory  - Eagerly caching bean &apos;org.springframework.context.annotation.internalConfigurationAnnotationProcessor&apos; to allow for resolving potential circular references
2020-07-09 11:02:43,696 390    [           main] DEBUG ort.DefaultListableBeanFactory  - Finished creating instance of bean &apos;org.springframework.context.annotation.internalConfigurationAnnotationProcessor&apos;
2020-07-09 11:02:43,758 452    [           main] DEBUG ort.DefaultListableBeanFactory  - Creating shared instance of singleton bean &apos;org.mybatis.spring.mapper.MapperScannerConfigurer#0&apos;
2020-07-09 11:02:43,758 452    [           main] DEBUG ort.DefaultListableBeanFactory  - Creating instance of bean &apos;org.mybatis.spring.mapper.MapperScannerConfigurer#0&apos;
2020-07-09 11:02:43,758 452    [           main] DEBUG ort.DefaultListableBeanFactory  - Eagerly caching bean &apos;org.mybatis.spring.mapper.MapperScannerConfigurer#0&apos; to allow for resolving potential circular references
2020-07-09 11:02:43,789 483    [           main] DEBUG ort.DefaultListableBeanFactory  - Invoking afterPropertiesSet() on bean with name &apos;org.mybatis.spring.mapper.MapperScannerConfigurer#0&apos;
2020-07-09 11:02:43,789 483    [           main] DEBUG ort.DefaultListableBeanFactory  - Finished creating instance of bean &apos;org.mybatis.spring.mapper.MapperScannerConfigurer#0&apos;
2020-07-09 11:02:43,789 483    [           main] DEBUG k.core.env.StandardEnvironment  - Adding PropertySource &apos;systemProperties&apos; with lowest search precedence
2020-07-09 11:02:43,789 483    [           main] DEBUG k.core.env.StandardEnvironment  - Adding PropertySource &apos;systemEnvironment&apos; with lowest search precedence
2020-07-09 11:02:43,789 483    [           main] DEBUG k.core.env.StandardEnvironment  - Initialized StandardEnvironment with PropertySources [MapPropertySource@1666607455 {name=&apos;systemProperties&apos;, properties={idea.version=2017.3.7, java.runtime.name=Java(TM) SE Runtime Environment, sun.boot.library.path=D:\JSE\Tools\java\jdk-8.0.1\jre\bin, java.vm.version=25.131-b11, java.vm.vendor=Oracle Corporation, java.vendor.url=http://java.oracle.com/, path.separator=;, java.vm.name=Java HotSpot(TM) 64-Bit Server VM, file.encoding.pkg=sun.io, user.country=CN, user.script=, sun.java.launcher=SUN_STANDARD, sun.os.patch.level=Service Pack 1, java.vm.specification.name=Java Virtual Machine Specification, user.dir=D:\javaProject\itheima_ssm\ithiema_ssm_service, java.runtime.version=1.8.0_131-b11, basedir=D:\javaProject\itheima_ssm\ithiema_ssm_service, java.awt.graphicsenv=sun.awt.Win32GraphicsEnvironment, java.endorsed.dirs=D:\JSE\Tools\java\jdk-8.0.1\jre\lib\endorsed, os.arch=amd64, surefire.real.class.path=D:\javaProject\itheima_ssm\ithiema_ssm_service\target\surefire\surefirebooter729352748722164949.jar, java.io.tmpdir=C:\Users\ADMINI~1\AppData\Local\Temp\, line.separator=
, java.vm.specification.vendor=Oracle Corporation, user.variant=, os.name=Windows 7, sun.jnu.encoding=GBK, java.library.path=D:\JSE\Tools\java\jdk-8.0.1\jre\bin;C:\Windows\Sun\Java\bin;C:\Windows\system32;C:\Windows;C:\ProgramData\Oracle\Java\javapath;C:\Windows\system32;C:\Windows;C:\Windows\System32\Wbem;C:\Windows\System32\WindowsPowerShell\v1.0\;D:\JSE\Tools\java\jdk-9.0.4\bin;D:\JSE\Tools\java\jdk-9.0.4\jre\bin;D:\JSE\Tools\MySQL\MySQL server 5.5\bin;D:\JSE\Tools\MySQL\My SQL Server 5.5\bin;%ANDROID_HOME%\platform-tools;%ANDROID_HOME%\tools;D:\JSE\Tools\apache-maven-3.5.2\bin;D:\JSE\Tools\VisualSVN Server\bin;C:\Program Files (x86)\Microsoft SQL Server\100\Tools\Binn\;C:\Program Files\Microsoft SQL Server\100\Tools\Binn\;C:\Program Files\Microsoft SQL Server\100\DTS\Binn\;D:\JSE\Tools\python\Scripts\;D:\JSE\Tools\python\;., surefire.test.class.path=D:\javaProject\itheima_ssm\ithiema_ssm_service\target\test-classes;D:\javaProject\itheima_ssm\ithiema_ssm_service\target\classes;D:\javaProject\itheima_ssm\itheima_ssm_pojo\target\itheima_ssm_pojo-1.0-SNAPSHOT.jar;D:\javaProject\itheima_ssm\itheima_ssm_utils\target\itheima_ssm_utils-1.0-SNAPSHOT.jar;D:\javaProject\itheima_ssm\itheima_ssm_dao\target\itheima_ssm_dao-1.0-SNAPSHOT.jar;C:\Users\Administrator\.m2\repository\org\aspectj\aspectjweaver\1.6.8\aspectjweaver-1.6.8.jar;C:\Users\Administrator\.m2\repository\org\springframework\spring-aop\5.0.2.RELEASE\spring-aop-5.0.2.RELEASE.jar;C:\Users\Administrator\.m2\repository\org\springframework\spring-context\5.0.2.RELEASE\spring-context-5.0.2.RELEASE.jar;C:\Users\Administrator\.m2\repository\org\springframework\spring-expression\5.0.2.RELEASE\spring-expression-5.0.2.RELEASE.jar;C:\Users\Administrator\.m2\repository\org\springframework\spring-context-support\5.0.2.RELEASE\spring-context-support-5.0.2.RELEASE.jar;C:\Users\Administrator\.m2\repository\org\springframework\spring-web\5.0.2.RELEASE\spring-web-5.0.2.RELEASE.jar;C:\Users\Administrator\.m2\repository\org\springframework\spring-orm\5.0.2.RELEASE\spring-orm-5.0.2.RELEASE.jar;C:\Users\Administrator\.m2\repository\org\springframework\spring-jdbc\5.0.2.RELEASE\spring-jdbc-5.0.2.RELEASE.jar;C:\Users\Administrator\.m2\repository\org\springframework\spring-beans\5.0.2.RELEASE\spring-beans-5.0.2.RELEASE.jar;C:\Users\Administrator\.m2\repository\org\springframework\spring-core\5.0.2.RELEASE\spring-core-5.0.2.RELEASE.jar;C:\Users\Administrator\.m2\repository\org\springframework\spring-jcl\5.0.2.RELEASE\spring-jcl-5.0.2.RELEASE.jar;C:\Users\Administrator\.m2\repository\org\springframework\spring-test\5.0.2.RELEASE\spring-test-5.0.2.RELEASE.jar;C:\Users\Administrator\.m2\repository\org\springframework\spring-webmvc\5.0.2.RELEASE\spring-webmvc-5.0.2.RELEASE.jar;C:\Users\Administrator\.m2\repository\org\springframework\spring-tx\5.0.2.RELEASE\spring-tx-5.0.2.RELEASE.jar;C:\Users\Administrator\.m2\repository\junit\junit\4.12\junit-4.12.jar;C:\Users\Administrator\.m2\repository\org\hamcrest\hamcrest-core\1.3\hamcrest-core-1.3.jar;C:\Users\Administrator\.m2\repository\javax\servlet\javax.servlet-api\3.1.0\javax.servlet-api-3.1.0.jar;C:\Users\Administrator\.m2\repository\javax\servlet\jsp\jsp-api\2.0\jsp-api-2.0.jar;C:\Users\Administrator\.m2\repository\jstl\jstl\1.2\jstl-1.2.jar;C:\Users\Administrator\.m2\repository\log4j\log4j\1.2.12\log4j-1.2.12.jar;C:\Users\Administrator\.m2\repository\org\slf4j\slf4j-api\1.6.6\slf4j-api-1.6.6.jar;C:\Users\Administrator\.m2\repository\org\slf4j\slf4j-log4j12\1.6.6\slf4j-log4j12-1.6.6.jar;C:\Users\Administrator\.m2\repository\org\mybatis\mybatis\3.4.5\mybatis-3.4.5.jar;C:\Users\Administrator\.m2\repository\org\mybatis\mybatis-spring\1.3.0\mybatis-spring-1.3.0.jar;C:\Users\Administrator\.m2\repository\c3p0\c3p0\0.9.1.2\c3p0-0.9.1.2.jar;C:\Users\Administrator\.m2\repository\com\github\pagehelper\pagehelper\5.1.2\pagehelper-5.1.2.jar;C:\Users\Administrator\.m2\repository\com\github\jsqlparser\jsqlparser\1.0\jsqlparser-1.0.jar;C:\Users\Administrator\.m2\repository\org\springframework\security\spring-security-web\5.0.1.RELEASE\spring-security-web-5.0.1.RELEASE.jar;C:\Users\Administrator\.m2\repository\org\springframework\security\spring-security-config\5.0.1.RELEASE\spring-security-config-5.0.1.RELEASE.jar;C:\Users\Administrator\.m2\repository\org\springframework\security\spring-security-core\5.0.1.RELEASE\spring-security-core-5.0.1.RELEASE.jar;C:\Users\Administrator\.m2\repository\org\springframework\security\spring-security-taglibs\5.0.1.RELEASE\spring-security-taglibs-5.0.1.RELEASE.jar;C:\Users\Administrator\.m2\repository\org\springframework\security\spring-security-acl\5.0.1.RELEASE\spring-security-acl-5.0.1.RELEASE.jar;C:\Users\Administrator\.m2\repository\com\oracle\ojdbc14\10.2.0.4.0\ojdbc14-10.2.0.4.0.jar;C:\Users\Administrator\.m2\repository\javax\annotation\jsr250-api\1.0\jsr250-api-1.0.jar;, java.specification.name=Java Platform API Specification, java.class.version=52.0, sun.management.compiler=HotSpot 64-Bit Tiered Compilers, maven.repo.local=C:\Users\Administrator\.m2\repository, os.version=6.1, user.home=C:\Users\Administrator, user.timezone=Asia/Shanghai, java.awt.printerjob=sun.awt.windows.WPrinterJob, file.encoding=GBK, java.specification.version=1.8, java.class.path=D:\javaProject\itheima_ssm\ithiema_ssm_service\target\test-classes;D:\javaProject\itheima_ssm\ithiema_ssm_service\target\classes;D:\javaProject\itheima_ssm\itheima_ssm_pojo\target\itheima_ssm_pojo-1.0-SNAPSHOT.jar;D:\javaProject\itheima_ssm\itheima_ssm_utils\target\itheima_ssm_utils-1.0-SNAPSHOT.jar;D:\javaProject\itheima_ssm\itheima_ssm_dao\target\itheima_ssm_dao-1.0-SNAPSHOT.jar;C:\Users\Administrator\.m2\repository\org\aspectj\aspectjweaver\1.6.8\aspectjweaver-1.6.8.jar;C:\Users\Administrator\.m2\repository\org\springframework\spring-aop\5.0.2.RELEASE\spring-aop-5.0.2.RELEASE.jar;C:\Users\Administrator\.m2\repository\org\springframework\spring-context\5.0.2.RELEASE\spring-context-5.0.2.RELEASE.jar;C:\Users\Administrator\.m2\repository\org\springframework\spring-expression\5.0.2.RELEASE\spring-expression-5.0.2.RELEASE.jar;C:\Users\Administrator\.m2\repository\org\springframework\spring-context-support\5.0.2.RELEASE\spring-context-support-5.0.2.RELEASE.jar;C:\Users\Administrator\.m2\repository\org\springframework\spring-web\5.0.2.RELEASE\spring-web-5.0.2.RELEASE.jar;C:\Users\Administrator\.m2\repository\org\springframework\spring-orm\5.0.2.RELEASE\spring-orm-5.0.2.RELEASE.jar;C:\Users\Administrator\.m2\repository\org\springframework\spring-jdbc\5.0.2.RELEASE\spring-jdbc-5.0.2.RELEASE.jar;C:\Users\Administrator\.m2\repository\org\springframework\spring-beans\5.0.2.RELEASE\spring-beans-5.0.2.RELEASE.jar;C:\Users\Administrator\.m2\repository\org\springframework\spring-core\5.0.2.RELEASE\spring-core-5.0.2.RELEASE.jar;C:\Users\Administrator\.m2\repository\org\springframework\spring-jcl\5.0.2.RELEASE\spring-jcl-5.0.2.RELEASE.jar;C:\Users\Administrator\.m2\repository\org\springframework\spring-test\5.0.2.RELEASE\spring-test-5.0.2.RELEASE.jar;C:\Users\Administrator\.m2\repository\org\springframework\spring-webmvc\5.0.2.RELEASE\spring-webmvc-5.0.2.RELEASE.jar;C:\Users\Administrator\.m2\repository\org\springframework\spring-tx\5.0.2.RELEASE\spring-tx-5.0.2.RELEASE.jar;C:\Users\Administrator\.m2\repository\junit\junit\4.12\junit-4.12.jar;C:\Users\Administrator\.m2\repository\org\hamcrest\hamcrest-core\1.3\hamcrest-core-1.3.jar;C:\Users\Administrator\.m2\repository\javax\servlet\javax.servlet-api\3.1.0\javax.servlet-api-3.1.0.jar;C:\Users\Administrator\.m2\repository\javax\servlet\jsp\jsp-api\2.0\jsp-api-2.0.jar;C:\Users\Administrator\.m2\repository\jstl\jstl\1.2\jstl-1.2.jar;C:\Users\Administrator\.m2\repository\log4j\log4j\1.2.12\log4j-1.2.12.jar;C:\Users\Administrator\.m2\repository\org\slf4j\slf4j-api\1.6.6\slf4j-api-1.6.6.jar;C:\Users\Administrator\.m2\repository\org\slf4j\slf4j-log4j12\1.6.6\slf4j-log4j12-1.6.6.jar;C:\Users\Administrator\.m2\repository\org\mybatis\mybatis\3.4.5\mybatis-3.4.5.jar;C:\Users\Administrator\.m2\repository\org\mybatis\mybatis-spring\1.3.0\mybatis-spring-1.3.0.jar;C:\Users\Administrator\.m2\repository\c3p0\c3p0\0.9.1.2\c3p0-0.9.1.2.jar;C:\Users\Administrator\.m2\repository\com\github\pagehelper\pagehelper\5.1.2\pagehelper-5.1.2.jar;C:\Users\Administrator\.m2\repository\com\github\jsqlparser\jsqlparser\1.0\jsqlparser-1.0.jar;C:\Users\Administrator\.m2\repository\org\springframework\security\spring-security-web\5.0.1.RELEASE\spring-security-web-5.0.1.RELEASE.jar;C:\Users\Administrator\.m2\repository\org\springframework\security\spring-security-config\5.0.1.RELEASE\spring-security-config-5.0.1.RELEASE.jar;C:\Users\Administrator\.m2\repository\org\springframework\security\spring-security-core\5.0.1.RELEASE\spring-security-core-5.0.1.RELEASE.jar;C:\Users\Administrator\.m2\repository\org\springframework\security\spring-security-taglibs\5.0.1.RELEASE\spring-security-taglibs-5.0.1.RELEASE.jar;C:\Users\Administrator\.m2\repository\org\springframework\security\spring-security-acl\5.0.1.RELEASE\spring-security-acl-5.0.1.RELEASE.jar;C:\Users\Administrator\.m2\repository\com\oracle\ojdbc14\10.2.0.4.0\ojdbc14-10.2.0.4.0.jar;C:\Users\Administrator\.m2\repository\javax\annotation\jsr250-api\1.0\jsr250-api-1.0.jar;, user.name=Administrator, java.vm.specification.version=1.8, sun.java.command=D:\javaProject\itheima_ssm\ithiema_ssm_service\target\surefire\surefirebooter729352748722164949.jar D:\javaProject\itheima_ssm\ithiema_ssm_service\target\surefire\surefire375837066467337085tmp D:\javaProject\itheima_ssm\ithiema_ssm_service\target\surefire\surefire_046694142782310309tmp, java.home=D:\JSE\Tools\java\jdk-8.0.1\jre, sun.arch.data.model=64, user.language=zh, java.specification.vendor=Oracle Corporation, awt.toolkit=sun.awt.windows.WToolkit, java.vm.info=mixed mode, java.version=1.8.0_131, java.ext.dirs=D:\JSE\Tools\java\jdk-8.0.1\jre\lib\ext;C:\Windows\Sun\Java\lib\ext, sun.boot.class.path=D:\JSE\Tools\java\jdk-8.0.1\jre\lib\resources.jar;D:\JSE\Tools\java\jdk-8.0.1\jre\lib\rt.jar;D:\JSE\Tools\java\jdk-8.0.1\jre\lib\sunrsasign.jar;D:\JSE\Tools\java\jdk-8.0.1\jre\lib\jsse.jar;D:\JSE\Tools\java\jdk-8.0.1\jre\lib\jce.jar;D:\JSE\Tools\java\jdk-8.0.1\jre\lib\charsets.jar;D:\JSE\Tools\java\jdk-8.0.1\jre\lib\jfr.jar;D:\JSE\Tools\java\jdk-8.0.1\jre\classes, java.vendor=Oracle Corporation, localRepository=C:\Users\Administrator\.m2\repository, file.separator=\, java.vendor.url.bug=http://bugreport.sun.com/bugreport/, sun.io.unicode.encoding=UnicodeLittle, sun.cpu.endian=little, sun.desktop=windows, sun.cpu.isalist=amd64}}, SystemEnvironmentPropertySource@1327006586 {name=&apos;systemEnvironment&apos;, properties={PATH=C:\ProgramData\Oracle\Java\javapath;C:\Windows\system32;C:\Windows;C:\Windows\System32\Wbem;C:\Windows\System32\WindowsPowerShell\v1.0\;D:\JSE\Tools\java\jdk-9.0.4\bin;D:\JSE\Tools\java\jdk-9.0.4\jre\bin;D:\JSE\Tools\MySQL\MySQL server 5.5\bin;D:\JSE\Tools\MySQL\My SQL Server 5.5\bin;%ANDROID_HOME%\platform-tools;%ANDROID_HOME%\tools;D:\JSE\Tools\apache-maven-3.5.2\bin;D:\JSE\Tools\VisualSVN Server\bin;C:\Program Files (x86)\Microsoft SQL Server\100\Tools\Binn\;C:\Program Files\Microsoft SQL Server\100\Tools\Binn\;C:\Program Files\Microsoft SQL Server\100\DTS\Binn\;D:\JSE\Tools\python\Scripts\;D:\JSE\Tools\python\, PROCESSOR_LEVEL=6, SYSTEMDRIVE=C:, FP_NO_HOST_CHECK=NO, SESSIONNAME=Console, ALLUSERSPROFILE=C:\ProgramData, PROCESSOR_ARCHITECTURE=AMD64, TNS_ADMIN=D:\JSE\Tools\instantclient_12_1\config, VS100COMNTOOLS=D:\JSE\Tools\vs2010\Common7\Tools\, MAVEN_HOME=D:\JSE\Tools\apache-maven-3.5.2, PROGRAMFILES=C:\Program Files, PSMODULEPATH=C:\Windows\system32\WindowsPowerShell\v1.0\Modules\;D:\JSE\Tools\VisualSVN Server\PowerShellModules, PROGRAMDATA=C:\ProgramData, USERNAME=Administrator, VISUALSVN_SERVER=D:\JSE\Tools\VisualSVN Server\, PATHEXT=.COM;.EXE;.BAT;.CMD;.VBS;.VBE;.JS;.JSE;.WSF;.WSH;.MSC, 360SAFEDIR=D:\Program Files\360\360safe, 1830B7BD-F7A3-4C4D-989B-C004DE465EDE=d4c:750a60, WINDIR=C:\Windows, HOMEPATH=\Users\Administrator, PROCESSOR_IDENTIFIER=Intel64 Family 6 Model 60 Stepping 3, GenuineIntel, 360DIR=D:\Program Files\360\360safe, WINDOWS_TRACING_LOGFILE=C:\BVTBin\Tests\installpackage\csilogfile.log, PUBLIC=C:\Users\Public, =::=::\, LOCALAPPDATA=C:\Users\Administrator\AppData\Local, COMMONPROGRAMFILES(X86)=C:\Program Files (x86)\Common Files, USERDOMAIN=USER-20191031GG, LOGONSERVER=\\USER-20191031GG, JAVA_HOME=D:\JSE\Tools\java\jdk-9.0.4, PROMPT=$P$G, PROGRAMFILES(X86)=C:\Program Files (x86), WINDOWS_TRACING_FLAGS=3, APPDATA=C:\Users\Administrator\AppData\Roaming, PROGRAMW6432=C:\Program Files, SYSTEMROOT=C:\Windows, VBOX_MSI_INSTALL_PATH=C:\Program Files\Oracle\VirtualBox\, OS=Windows_NT, COMMONPROGRAMW6432=C:\Program Files\Common Files, COMPUTERNAME=USER-20191031GG, COMMONPROGRAMFILES=C:\Program Files\Common Files, COMSPEC=C:\Windows\system32\cmd.exe, PROCESSOR_REVISION=3c03, NLS_LANG=AMERICAN_AMERICA.ZHS16GBK, =D:=D:\javaProject\itheima_ssm\ithiema_ssm_service, TEMP=C:\Users\ADMINI~1\AppData\Local\Temp, HOMEDRIVE=C:, USERPROFILE=C:\Users\Administrator, TMP=C:\Users\ADMINI~1\AppData\Local\Temp, NUMBER_OF_PROCESSORS=4}}]
2020-07-09 11:02:43,789 483    [           main] DEBUG atchingResourcePatternResolver  - Resolved classpath location [com/itheima/dao/] to resources [URL [jar:file:/D:/javaProject/itheima_ssm/itheima_ssm_dao/target/itheima_ssm_dao-1.0-SNAPSHOT.jar!/com/itheima/dao/]]
2020-07-09 11:02:43,789 483    [           main] DEBUG atchingResourcePatternResolver  - Looking for matching resources in jar file [file:/D:/javaProject/itheima_ssm/itheima_ssm_dao/target/itheima_ssm_dao-1.0-SNAPSHOT.jar]
[...]
2020-07-09 11:02:44,382 1076   [           main] DEBUG ore.annotation.AnnotationUtils  - Failed to meta-introspect annotation [interface org.springframework.beans.factory.annotation.Autowired]: java.lang.IllegalArgumentException: Annotation must not be null
2020-07-09 11:02:44,398 1092   [           main] DEBUG ort.DefaultListableBeanFactory  - Creating shared instance of singleton bean &apos;IOrdersDao&apos;
2020-07-09 11:02:44,398 1092   [           main] DEBUG ort.DefaultListableBeanFactory  - Creating instance of bean &apos;IOrdersDao&apos;
2020-07-09 11:02:44,398 1092   [           main] DEBUG ort.DefaultListableBeanFactory  - Eagerly caching bean &apos;IOrdersDao&apos; to allow for resolving potential circular references
2020-07-09 11:02:44,398 1092   [           main] DEBUG ort.DefaultListableBeanFactory  - Returning cached instance of singleton bean &apos;sqlSessionFactoryBean&apos;
2020-07-09 11:02:44,398 1092   [           main] DEBUG ort.DefaultListableBeanFactory  - Autowiring by type from bean name &apos;IOrdersDao&apos; via property &apos;sqlSessionFactory&apos; to bean named &apos;sqlSessionFactoryBean&apos;
2020-07-09 11:02:44,413 1107   [           main] DEBUG ort.DefaultListableBeanFactory  - Invoking afterPropertiesSet() on bean with name &apos;IOrdersDao&apos;
2020-07-09 11:02:44,444 1138   [           main] DEBUG ort.DefaultListableBeanFactory  - Finished creating instance of bean &apos;IOrdersDao&apos;
2020-07-09 11:02:44,444 1138   [           main] DEBUG redAnnotationBeanPostProcessor  - Autowiring by type from bean name &apos;ordersServiceImpl&apos; to bean named &apos;IOrdersDao&apos;
2020-07-09 11:02:44,444 1138   [           main] DEBUG ort.DefaultListableBeanFactory  - Finished creating instance of bean &apos;ordersServiceImpl&apos;
2020-07-09 11:02:44,444 1138   [           main] DEBUG ort.DefaultListableBeanFactory  - Creating shared instance of singleton bean &apos;permissionServiceImpl&apos;
2020-07-09 11:02:44,444 1138   [           main] DEBUG ort.DefaultListableBeanFactory  - Creating instance of bean &apos;permissionServiceImpl&apos;
2020-07-09 11:02:44,444 1138   [           main] DEBUG y.annotation.InjectionMetadata  - Registered injected element on class [com.itheima.service.impl.PermissionServiceImpl]: AutowiredFieldElement for private com.itheima.dao.IPermissionDao com.itheima.service.impl.PermissionServiceImpl.permissionDao
2020-07-09 11:02:44,444 1138   [           main] DEBUG ort.DefaultListableBeanFactory  - Eagerly caching bean &apos;permissionServiceImpl&apos; to allow for resolving potential circular references
2020-07-09 11:02:44,444 1138   [           main] DEBUG y.annotation.InjectionMetadata  - Processing injected element of bean &apos;permissionServiceImpl&apos;: AutowiredFieldElement for private com.itheima.dao.IPermissionDao com.itheima.service.impl.PermissionServiceImpl.permissionDao
2020-07-09 11:02:44,444 1138   [           main] DEBUG ore.annotation.AnnotationUtils  - Failed to meta-introspect annotation [interface org.springframework.beans.factory.annotation.Autowired]: java.lang.IllegalArgumentException: Annotation must not be null
2020-07-09 11:02:44,444 1138   [           main] DEBUG ort.DefaultListableBeanFactory  - Creating shared instance of singleton bean &apos;IPermissionDao&apos;
2020-07-09 11:02:44,444 1138   [           main] DEBUG ort.DefaultListableBeanFactory  - Creating instance of bean &apos;IPermissionDao&apos;
2020-07-09 11:02:44,444 1138   [           main] DEBUG ort.DefaultListableBeanFactory  - Eagerly caching bean &apos;IPermissionDao&apos; to allow for resolving potential circular references
2020-07-09 11:02:44,444 1138   [           main] DEBUG ort.DefaultListableBeanFactory  - Returning cached instance of singleton bean &apos;sqlSessionFactoryBean&apos;
2020-07-09 11:02:44,444 1138   [           main] DEBUG ort.DefaultListableBeanFactory  - Autowiring by type from bean name &apos;IPermissionDao&apos; via property &apos;sqlSessionFactory&apos; to bean named &apos;sqlSessionFactoryBean&apos;
2020-07-09 11:02:44,444 1138   [           main] DEBUG ort.DefaultListableBeanFactory  - Invoking afterPropertiesSet() on bean with name &apos;IPermissionDao&apos;
2020-07-09 11:02:44,444 1138   [           main] DEBUG ort.DefaultListableBeanFactory  - Finished creating instance of bean &apos;IPermissionDao&apos;
2020-07-09 11:02:44,460 1154   [           main] DEBUG redAnnotationBeanPostProcessor  - Autowiring by type from bean name &apos;permissionServiceImpl&apos; to bean named &apos;IPermissionDao&apos;
2020-07-09 11:02:44,460 1154   [           main] DEBUG ort.DefaultListableBeanFactory  - Finished creating instance of bean &apos;permissionServiceImpl&apos;
2020-07-09 11:02:44,460 1154   [           main] DEBUG ort.DefaultListableBeanFactory  - Creating shared instance of singleton bean &apos;productService&apos;
2020-07-09 11:02:44,460 1154   [           main] DEBUG ort.DefaultListableBeanFactory  - Creating instance of bean &apos;productService&apos;
2020-07-09 11:02:44,460 1154   [           main] DEBUG y.annotation.InjectionMetadata  - Registered injected element on class [com.itheima.service.impl.ProductServiceImpl]: AutowiredFieldElement for private com.itheima.dao.IProductDao com.itheima.service.impl.ProductServiceImpl.productDao
2020-07-09 11:02:44,460 1154   [           main] DEBUG ort.DefaultListableBeanFactory  - Eagerly caching bean &apos;productService&apos; to allow for resolving potential circular references
2020-07-09 11:02:44,460 1154   [           main] DEBUG y.annotation.InjectionMetadata  - Processing injected element of bean &apos;productService&apos;: AutowiredFieldElement for private com.itheima.dao.IProductDao com.itheima.service.impl.ProductServiceImpl.productDao
2020-07-09 11:02:44,460 1154   [           main] DEBUG ore.annotation.AnnotationUtils  - Failed to meta-introspect annotation [interface org.springframework.beans.factory.annotation.Autowired]: java.lang.IllegalArgumentException: Annotation must not be null
2020-07-09 11:02:44,460 1154   [           main] DEBUG ort.DefaultListableBeanFactory  - Creating shared instance of singleton bean &apos;IProductDao&apos;
2020-07-09 11:02:44,460 1154   [           main] DEBUG ort.DefaultListableBeanFactory  - Creating instance of bean &apos;IProductDao&apos;
2020-07-09 11:02:44,460 1154   [           main] DEBUG ort.DefaultListableBeanFactory  - Eagerly caching bean &apos;IProductDao&apos; to allow for resolving potential circular references
2020-07-09 11:02:44,460 1154   [           main] DEBUG ort.DefaultListableBeanFactory  - Returning cached instance of singleton bean &apos;sqlSessionFactoryBean&apos;
2020-07-09 11:02:44,460 1154   [           main] DEBUG ort.DefaultListableBeanFactory  - Autowiring by type from bean name &apos;IProductDao&apos; via property &apos;sqlSessionFactory&apos; to bean named &apos;sqlSessionFactoryBean&apos;
2020-07-09 11:02:44,460 1154   [           main] DEBUG ort.DefaultListableBeanFactory  - Invoking afterPropertiesSet() on bean with name &apos;IProductDao&apos;
2020-07-09 11:02:44,460 1154   [           main] DEBUG ort.DefaultListableBeanFactory  - Finished creating instance of bean &apos;IProductDao&apos;
2020-07-09 11:02:44,460 1154   [           main] DEBUG redAnnotationBeanPostProcessor  - Autowiring by type from bean name &apos;productService&apos; to bean named &apos;IProductDao&apos;
2020-07-09 11:02:44,460 1154   [           main] DEBUG ort.DefaultListableBeanFactory  - Finished creating instance of bean &apos;productService&apos;
2020-07-09 11:02:44,460 1154   [           main] DEBUG ort.DefaultListableBeanFactory  - Creating shared instance of singleton bean &apos;roleServiceImpl&apos;
2020-07-09 11:02:44,460 1154   [           main] DEBUG ort.DefaultListableBeanFactory  - Creating instance of bean &apos;roleServiceImpl&apos;
2020-07-09 11:02:44,460 1154   [           main] DEBUG y.annotation.InjectionMetadata  - Registered injected element on class [com.itheima.service.impl.RoleServiceImpl]: AutowiredFieldElement for private com.itheima.dao.IRoleDao com.itheima.service.impl.RoleServiceImpl.roleDao
2020-07-09 11:02:44,460 1154   [           main] DEBUG ort.DefaultListableBeanFactory  - Eagerly caching bean &apos;roleServiceImpl&apos; to allow for resolving potential circular references
2020-07-09 11:02:44,460 1154   [           main] DEBUG y.annotation.InjectionMetadata  - Processing injected element of bean &apos;roleServiceImpl&apos;: AutowiredFieldElement for private com.itheima.dao.IRoleDao com.itheima.service.impl.RoleServiceImpl.roleDao
2020-07-09 11:02:44,460 1154   [           main] DEBUG ore.annotation.AnnotationUtils  - Failed to meta-introspect annotation [interface org.springframework.beans.factory.annotation.Autowired]: java.lang.IllegalArgumentException: Annotation must not be null
2020-07-09 11:02:44,460 1154   [           main] DEBUG ort.DefaultListableBeanFactory  - Creating shared instance of singleton bean &apos;IRoleDao&apos;
2020-07-09 11:02:44,460 1154   [           main] DEBUG ort.DefaultListableBeanFactory  - Creating instance of bean &apos;IRoleDao&apos;
2020-07-09 11:02:44,476 1170   [           main] DEBUG ort.DefaultListableBeanFactory  - Eagerly caching bean &apos;IRoleDao&apos; to allow for resolving potential circular references
2020-07-09 11:02:44,476 1170   [           main] DEBUG ort.DefaultListableBeanFactory  - Returning cached instance of singleton bean &apos;sqlSessionFactoryBean&apos;
2020-07-09 11:02:44,476 1170   [           main] DEBUG ort.DefaultListableBeanFactory  - Autowiring by type from bean name &apos;IRoleDao&apos; via property &apos;sqlSessionFactory&apos; to bean named &apos;sqlSessionFactoryBean&apos;
2020-07-09 11:02:44,476 1170   [           main] DEBUG ort.DefaultListableBeanFactory  - Invoking afterPropertiesSet() on bean with name &apos;IRoleDao&apos;
2020-07-09 11:02:44,476 1170   [           main] DEBUG ort.DefaultListableBeanFactory  - Finished creating instance of bean &apos;IRoleDao&apos;
2020-07-09 11:02:44,476 1170   [           main] DEBUG redAnnotationBeanPostProcessor  - Autowiring by type from bean name &apos;roleServiceImpl&apos; to bean named &apos;IRoleDao&apos;
2020-07-09 11:02:44,476 1170   [           main] DEBUG ort.DefaultListableBeanFactory  - Finished creating instance of bean &apos;roleServiceImpl&apos;
2020-07-09 11:02:44,476 1170   [           main] DEBUG ort.DefaultListableBeanFactory  - Creating shared instance of singleton bean &apos;sysLogServiceImpl&apos;
2020-07-09 11:02:44,476 1170   [           main] DEBUG ort.DefaultListableBeanFactory  - Creating instance of bean &apos;sysLogServiceImpl&apos;
2020-07-09 11:02:44,476 1170   [           main] DEBUG y.annotation.InjectionMetadata  - Registered injected element on class [com.itheima.service.impl.SysLogServiceImpl]: AutowiredFieldElement for private com.itheima.dao.ISysLogDao com.itheima.service.impl.SysLogServiceImpl.sysLogDao
2020-07-09 11:02:44,476 1170   [           main] DEBUG ort.DefaultListableBeanFactory  - Eagerly caching bean &apos;sysLogServiceImpl&apos; to allow for resolving potential circular references
2020-07-09 11:02:44,476 1170   [           main] DEBUG y.annotation.InjectionMetadata  - Processing injected element of bean &apos;sysLogServiceImpl&apos;: AutowiredFieldElement for private com.itheima.dao.ISysLogDao com.itheima.service.impl.SysLogServiceImpl.sysLogDao
2020-07-09 11:02:44,476 1170   [           main] DEBUG ore.annotation.AnnotationUtils  - Failed to meta-introspect annotation [interface org.springframework.beans.factory.annotation.Autowired]: java.lang.IllegalArgumentException: Annotation must not be null
2020-07-09 11:02:44,476 1170   [           main] DEBUG ort.DefaultListableBeanFactory  - Creating shared instance of singleton bean &apos;ISysLogDao&apos;
2020-07-09 11:02:44,476 1170   [           main] DEBUG ort.DefaultListableBeanFactory  - Creating instance of bean &apos;ISysLogDao&apos;
2020-07-09 11:02:44,476 1170   [           main] DEBUG ort.DefaultListableBeanFactory  - Eagerly caching bean &apos;ISysLogDao&apos; to allow for resolving potential circular references
2020-07-09 11:02:44,476 1170   [           main] DEBUG ort.DefaultListableBeanFactory  - Returning cached instance of singleton bean &apos;sqlSessionFactoryBean&apos;
2020-07-09 11:02:44,476 1170   [           main] DEBUG ort.DefaultListableBeanFactory  - Autowiring by type from bean name &apos;ISysLogDao&apos; via property &apos;sqlSessionFactory&apos; to bean named &apos;sqlSessionFactoryBean&apos;
2020-07-09 11:02:44,476 1170   [           main] DEBUG ort.DefaultListableBeanFactory  - Invoking afterPropertiesSet() on bean with name &apos;ISysLogDao&apos;
2020-07-09 11:02:44,491 1185   [           main] DEBUG ort.DefaultListableBeanFactory  - Finished creating instance of bean &apos;ISysLogDao&apos;
2020-07-09 11:02:44,491 1185   [           main] DEBUG redAnnotationBeanPostProcessor  - Autowiring by type from bean name &apos;sysLogServiceImpl&apos; to bean named &apos;ISysLogDao&apos;
2020-07-09 11:02:44,491 1185   [           main] DEBUG ort.DefaultListableBeanFactory  - Finished creating instance of bean &apos;sysLogServiceImpl&apos;
2020-07-09 11:02:44,491 1185   [           main] DEBUG ort.DefaultListableBeanFactory  - Creating shared instance of singleton bean &apos;userService&apos;
2020-07-09 11:02:44,491 1185   [           main] DEBUG ort.DefaultListableBeanFactory  - Creating instance of bean &apos;userService&apos;
2020-07-09 11:02:44,491 1185   [           main] DEBUG y.annotation.InjectionMetadata  - Registered injected element on class [com.itheima.service.impl.UserServiceImpl]: AutowiredFieldElement for private com.itheima.dao.IUserDao com.itheima.service.impl.UserServiceImpl.userDao
2020-07-09 11:02:44,491 1185   [           main] DEBUG y.annotation.InjectionMetadata  - Registered injected element on class [com.itheima.service.impl.UserServiceImpl]: AutowiredFieldElement for private org.springframework.security.crypto.bcrypt.BCryptPasswordEncoder com.itheima.service.impl.UserServiceImpl.bCryptPasswordEncoder
2020-07-09 11:02:44,491 1185   [           main] DEBUG ort.DefaultListableBeanFactory  - Eagerly caching bean &apos;userService&apos; to allow for resolving potential circular references
2020-07-09 11:02:44,491 1185   [           main] DEBUG y.annotation.InjectionMetadata  - Processing injected element of bean &apos;userService&apos;: AutowiredFieldElement for private com.itheima.dao.IUserDao com.itheima.service.impl.UserServiceImpl.userDao
2020-07-09 11:02:44,491 1185   [           main] DEBUG ore.annotation.AnnotationUtils  - Failed to meta-introspect annotation [interface org.springframework.beans.factory.annotation.Autowired]: java.lang.IllegalArgumentException: Annotation must not be null
2020-07-09 11:02:44,491 1185   [           main] DEBUG ort.DefaultListableBeanFactory  - Creating shared instance of singleton bean &apos;IUserDao&apos;
2020-07-09 11:02:44,491 1185   [           main] DEBUG ort.DefaultListableBeanFactory  - Creating instance of bean &apos;IUserDao&apos;
2020-07-09 11:02:44,491 1185   [           main] DEBUG ort.DefaultListableBeanFactory  - Eagerly caching bean &apos;IUserDao&apos; to allow for resolving potential circular references
2020-07-09 11:02:44,491 1185   [           main] DEBUG ort.DefaultListableBeanFactory  - Returning cached instance of singleton bean &apos;sqlSessionFactoryBean&apos;
2020-07-09 11:02:44,491 1185   [           main] DEBUG ort.DefaultListableBeanFactory  - Autowiring by type from bean name &apos;IUserDao&apos; via property &apos;sqlSessionFactory&apos; to bean named &apos;sqlSessionFactoryBean&apos;
2020-07-09 11:02:44,491 1185   [           main] DEBUG ort.DefaultListableBeanFactory  - Invoking afterPropertiesSet() on bean with name &apos;IUserDao&apos;
2020-07-09 11:02:44,491 1185   [           main] DEBUG ort.DefaultListableBeanFactory  - Finished creating instance of bean &apos;IUserDao&apos;
2020-07-09 11:02:44,507 1201   [           main] DEBUG redAnnotationBeanPostProcessor  - Autowiring by type from bean name &apos;userService&apos; to bean named &apos;IUserDao&apos;
2020-07-09 11:02:44,507 1201   [           main] DEBUG y.annotation.InjectionMetadata  - Processing injected element of bean &apos;userService&apos;: AutowiredFieldElement for private org.springframework.security.crypto.bcrypt.BCryptPasswordEncoder com.itheima.service.impl.UserServiceImpl.bCryptPasswordEncoder
2020-07-09 11:02:44,507 1201   [           main] DEBUG ore.annotation.AnnotationUtils  - Failed to meta-introspect annotation [interface org.springframework.beans.factory.annotation.Autowired]: java.lang.IllegalArgumentException: Annotation must not be null
2020-07-09 11:02:44,507 1201   [           main] WARN  ClassPathXmlApplicationContext  - Exception encountered during context initialization - cancelling refresh attempt: org.springframework.beans.factory.UnsatisfiedDependencyException: Error creating bean with name &apos;userService&apos;: Unsatisfied dependency expressed through field &apos;bCryptPasswordEncoder&apos;; nested exception is org.springframework.beans.factory.NoSuchBeanDefinitionException: No qualifying bean of type &apos;org.springframework.security.crypto.bcrypt.BCryptPasswordEncoder&apos; available: expected at least 1 bean which qualifies as autowire candidate. Dependency annotations: {@org.springframework.beans.factory.annotation.Autowired(required=true)}
2020-07-09 11:02:44,507 1201   [           main] DEBUG ort.DefaultListableBeanFactory  - Destroying singletons in org.springframework.beans.factory.support.DefaultListableBeanFactory@77e9807f: defining beans [org.springframework.context.support.PropertySourcesPlaceholderConfigurer#0,dataSource,sqlSessionFactoryBean,org.mybatis.spring.mapper.MapperScannerConfigurer#0,ordersServiceImpl,permissionServiceImpl,productService,roleServiceImpl,sysLogServiceImpl,userService,org.springframework.context.annotation.internalConfigurationAnnotationProcessor,org.springframework.context.annotation.internalAutowiredAnnotationProcessor,org.springframework.context.annotation.internalRequiredAnnotationProcessor,org.springframework.context.annotation.internalCommonAnnotationProcessor,org.springframework.context.event.internalEventListenerProcessor,org.springframework.context.event.internalEventListenerFactory,transactionManager,IMemberDao,IOrdersDao,IPermissionDao,IProductDao,IRoleDao,ISysLogDao,ITravellerDao,IUserDao]; root of factory hierarchy
2020-07-09 11:02:44,507 1201   [           main] DEBUG ort.DefaultListableBeanFactory  - Retrieved dependent beans for bean &apos;sqlSessionFactoryBean&apos;: [IOrdersDao, IPermissionDao, IProductDao, IRoleDao, ISysLogDao, IUserDao]
2020-07-09 11:02:44,507 1201   [           main] DEBUG ort.DefaultListableBeanFactory  - Retrieved dependent beans for bean &apos;IOrdersDao&apos;: [ordersServiceImpl]
2020-07-09 11:02:44,507 1201   [           main] DEBUG ort.DefaultListableBeanFactory  - Retrieved dependent beans for bean &apos;IPermissionDao&apos;: [permissionServiceImpl]
2020-07-09 11:02:44,507 1201   [           main] DEBUG ort.DefaultListableBeanFactory  - Retrieved dependent beans for bean &apos;IProductDao&apos;: [productService]
2020-07-09 11:02:44,507 1201   [           main] DEBUG ort.DefaultListableBeanFactory  - Retrieved dependent beans for bean &apos;IRoleDao&apos;: [roleServiceImpl]
2020-07-09 11:02:44,507 1201   [           main] DEBUG ort.DefaultListableBeanFactory  - Retrieved dependent beans for bean &apos;ISysLogDao&apos;: [sysLogServiceImpl]
2020-07-09 11:02:44,507 1201   [           main] DEBUG ort.DefaultListableBeanFactory  - Retrieved dependent beans for bean &apos;com.github.pagehelper.PageInterceptor#11758f2a&apos;: [sqlSessionFactoryBean]
</system-out>
  </testcase>
</testsuite>